2026-03-04T14:11:15.6617839Z,Updating submodules.,e9b91cf7-16ab-4e9a-9fed-fecc720b189c,0
2026-03-04T14:11:17.0325491Z,Preparing deployment for commit id '2e8da79d-b'.,b5830ce6-7672-404f-ab75-b7b9897bb49c,0
2026-03-04T14:11:17.5657728Z,PreDeployment: context.CleanOutputPath False,28f3dcc0-afc6-4420-9e16-b1f059b95b52,0
2026-03-04T14:11:18.6585857Z,PreDeployment: context.OutputPath /home/site/wwwroot,d9edf01e-5442-403c-9860-26c4763a17a4,0
2026-03-04T14:11:19.1723146Z,Running build. Project type: OneDeploy,a4675f5f-2caf-4e21-85b9-ad128be71add,0
2026-03-04T14:11:19.4502128Z,Copying the manifest,c6398e48-ba3b-41a6-a77f-353acd1ddde1,0
2026-03-04T14:11:19.7388052Z,Running deployment command...,2bfc23b6-4b62-4fbd-80f8-f31822908d6a,0
	2026-03-04T14:11:19.7802906Z,Command: /opt/Kudu/Scripts/parallel_rsync.sh /tmp/zipdeploy/extracted /home/site/wwwroot 8 /tmp/ False False  ,,0
	2026-03-04T14:11:20.3404371Z,Run rsync from: /tmp/zipdeploy/extracted/ to: /home/site/wwwroot/ in 8 parallel threads,,0
	2026-03-04T14:11:20.3725880Z,Delete options: clean=False&comma; use manifest=False&comma; directory to ignore=,,0
	2026-03-04T14:11:20.4414343Z,Prev manifest = /home/site/deployments/060d6a5b-6146-4ca5-8cb1-2b022d8898ca/manifest and next /home/site/deployments/2e8da79d-b844-4a6a-85e4-5c18800dd95e/manifest,,0
	2026-03-04T14:11:20.4930511Z,Cleaning up /tmp//filelist.txt and /tmp//splits,,0
	2026-03-04T14:11:20.5614447Z,Creating a list of all files at /tmp//filelist.txt,,0
	2026-03-04T14:11:20.6047223Z,No directory to exclude.,,0
	2026-03-04T14:11:20.9623992Z,Created /tmp//filelist.txt. Total number of files to be synced = 608.,,0
	2026-03-04T14:11:21.0631928Z,Created batches from the list of files. Processing 77 files in each thread,,0
	2026-03-04T14:11:21.3272926Z,Running rsync for filelist /tmp//splits/split.ab from /tmp/zipdeploy/extracted/ to /home/site/wwwroot/,,0
	2026-03-04T14:11:21.4861568Z,Running rsync for filelist /tmp//splits/split.aa from /tmp/zipdeploy/extracted/ to /home/site/wwwroot/,,0
	2026-03-04T14:11:21.6264964Z,Running rsync for filelist /tmp//splits/split.af from /tmp/zipdeploy/extracted/ to /home/site/wwwroot/,,0
	2026-03-04T14:11:21.6919747Z,Running rsync for filelist /tmp//splits/split.ac from /tmp/zipdeploy/extracted/ to /home/site/wwwroot/,,0
	2026-03-04T14:11:21.7341465Z,Running rsync for filelist /tmp//splits/split.ae from /tmp/zipdeploy/extracted/ to /home/site/wwwroot/,,0
	2026-03-04T14:11:21.9424613Z,Running rsync for filelist /tmp//splits/split.ag from /tmp/zipdeploy/extracted/ to /home/site/wwwroot/,,0
	2026-03-04T14:11:22.2846624Z,Running rsync for filelist /tmp//splits/split.ad from /tmp/zipdeploy/extracted/ to /home/site/wwwroot/,,0
	2026-03-04T14:11:22.4753333Z,Running rsync for filelist /tmp//splits/split.ah from /tmp/zipdeploy/extracted/ to /home/site/wwwroot/,,0
	2026-03-04T14:11:46.0453551Z,,,0
	2026-03-04T14:11:46.3914426Z,Number of files: 107 (reg: 77&comma; dir: 30),,0
	2026-03-04T14:11:46.7550124Z,Number of created files: 0,,0
	2026-03-04T14:11:47.0648473Z,Number of deleted files: 0,,0
	2026-03-04T14:11:47.3148364Z,Number of regular files transferred: 4,,0
	2026-03-04T14:11:48.7204495Z,Total file size: 109.30M bytes,,0
	2026-03-04T14:11:48.9741291Z,Total transferred file size: 1.02M bytes,,0
	2026-03-04T14:11:50.9493632Z,Literal data: 1.02M bytes,,0
	2026-03-04T14:11:52.0272269Z,Matched data: 0 bytes,,0
	2026-03-04T14:11:53.9062682Z,File list size: 0,,0
	2026-03-04T14:11:54.0478338Z,File list generation time: 8.645 seconds,,0
	2026-03-04T14:11:54.3041861Z,File list transfer time: 0.000 seconds,,0
	2026-03-04T14:11:54.6196406Z,Total bytes sent: 76.00K,,0
	2026-03-04T14:11:54.7617196Z,Total bytes received: 401,,0
	2026-03-04T14:11:55.5602496Z,,,0
	2026-03-04T14:11:56.0775361Z,sent 76.00K bytes  received 401 bytes  3.55K bytes/sec,,0
	2026-03-04T14:11:56.1535072Z,total size is 109.30M  speedup is 1&comma;430.69,,0
	2026-03-04T14:11:56.3823572Z,Attempt 1: Rsync for filelist /tmp//splits/split.aa completed with exit code 0,,0
	2026-03-04T14:11:56.8807090Z,,,0
	2026-03-04T14:11:57.6130313Z,Number of files: 72 (reg: 69&comma; dir: 3),,0
	2026-03-04T14:11:58.6198536Z,Number of created files: 1 (reg: 1),,0
	2026-03-04T14:11:58.8379264Z,Number of deleted files: 0,,0
	2026-03-04T14:11:58.9779675Z,Number of regular files transferred: 33,,0
	2026-03-04T14:11:59.0481240Z,Total file size: 13.63M bytes,,0
	2026-03-04T14:11:59.5411963Z,Total transferred file size: 816.21K bytes,,0
	2026-03-04T14:11:59.6664937Z,Literal data: 816.21K bytes,,0
	2026-03-04T14:12:00.1338492Z,Matched data: 0 bytes,,0
	2026-03-04T14:12:00.3387627Z,File list size: 0,,0
	2026-03-04T14:12:00.7366820Z,File list generation time: 2.814 seconds,,0
	2026-03-04T14:12:01.0128375Z,File list transfer time: 0.000 seconds,,0
	2026-03-04T14:12:01.1345882Z,Total bytes sent: 538.71K,,0
	2026-03-04T14:12:01.6617034Z,Total bytes received: 760,,0
	2026-03-04T14:12:02.3772668Z,,,0
	2026-03-04T14:12:03.1943747Z,sent 538.71K bytes  received 760 bytes  19.62K bytes/sec,,0
	2026-03-04T14:12:03.3452055Z,total size is 13.63M  speedup is 25.26,,0
	2026-03-04T14:12:04.3054426Z,Attempt 1: Rsync for filelist /tmp//splits/split.ah completed with exit code 0,,0
	2026-03-04T14:12:04.3473052Z,,,0
	2026-03-04T14:12:04.5869103Z,Number of files: 111 (reg: 77&comma; dir: 34),,0
	2026-03-04T14:12:04.8234490Z,Number of created files: 0,,0
	2026-03-04T14:12:07.2212747Z,Number of deleted files: 0,,0
	2026-03-04T14:12:10.6982012Z,Number of regular files transferred: 13,,0
	2026-03-04T14:12:11.8807575Z,Total file size: 123.87M bytes,,0
	2026-03-04T14:12:12.6608054Z,Total transferred file size: 1.04M bytes,,0
	2026-03-04T14:12:15.0176451Z,Literal data: 1.04M bytes,,0
	2026-03-04T14:12:17.4233396Z,Matched data: 0 bytes,,0
	2026-03-04T14:12:17.9850868Z,File list size: 0,,0
	2026-03-04T14:12:18.4743406Z,File list generation time: 8.067 seconds,,0
	2026-03-04T14:12:18.6801308Z,File list transfer time: 0.000 seconds,,0
	2026-03-04T14:12:19.7822901Z,Total bytes sent: 374.85K,,0
	2026-03-04T14:12:20.8995191Z,Total bytes received: 554,,0
	2026-03-04T14:12:22.0508565Z,,,0
	2026-03-04T14:12:22.5499069Z,sent 374.85K bytes  received 554 bytes  10.88K bytes/sec,,0
	2026-03-04T14:12:23.4566086Z,total size is 123.87M  speedup is 329.97,,0
	2026-03-04T14:12:24.0322395Z,Attempt 1: Rsync for filelist /tmp//splits/split.ab completed with exit code 0,,0
	2026-03-04T14:12:25.1005279Z,,,0
	2026-03-04T14:12:25.7275416Z,Number of files: 85 (reg: 77&comma; dir: 8),,0
	2026-03-04T14:12:27.7120700Z,Number of created files: 0,,0
	2026-03-04T14:12:28.0490396Z,Number of deleted files: 0,,0
	2026-03-04T14:12:28.6083336Z,Number of regular files transferred: 44,,0
	2026-03-04T14:12:28.9230492Z,Total file size: 15.69M bytes,,0
	2026-03-04T14:12:30.4000992Z,Total transferred file size: 1.62M bytes,,0
	2026-03-04T14:12:30.8417841Z,Literal data: 1.62M bytes,,0
	2026-03-04T14:12:31.0559910Z,Matched data: 0 bytes,,0
	2026-03-04T14:12:31.2671601Z,File list size: 0,,0
	2026-03-04T14:12:31.6591194Z,File list generation time: 6.498 seconds,,0
	2026-03-04T14:12:32.5913537Z,File list transfer time: 0.000 seconds,,0
	2026-03-04T14:12:33.3915461Z,Total bytes sent: 1.47M,,0
	2026-03-04T14:12:34.3293867Z,Total bytes received: 969,,0
	2026-03-04T14:12:34.5168925Z,,,0
	2026-03-04T14:12:34.7671866Z,sent 1.47M bytes  received 969 bytes  27.58K bytes/sec,,0
	2026-03-04T14:12:35.4332485Z,total size is 15.69M  speedup is 10.64,,0
	2026-03-04T14:12:35.6015117Z,Attempt 1: Rsync for filelist /tmp//splits/split.ac completed with exit code 0,,0
	2026-03-04T14:12:36.9028936Z,,,0
	2026-03-04T14:12:37.1210892Z,Number of files: 79 (reg: 77&comma; dir: 2),,0
	2026-03-04T14:12:37.1902923Z,Number of created files: 3 (reg: 3),,0
	2026-03-04T14:12:38.0565428Z,Number of deleted files: 0,,0
	2026-03-04T14:12:38.1631788Z,Number of regular files transferred: 74,,0
	2026-03-04T14:12:38.6113823Z,Total file size: 7.90M bytes,,0
	2026-03-04T14:12:39.1898393Z,Total transferred file size: 4.20M bytes,,0
	2026-03-04T14:12:39.3873389Z,Literal data: 4.20M bytes,,0
	2026-03-04T14:12:40.2136596Z,Matched data: 0 bytes,,0
	2026-03-04T14:12:40.4110810Z,File list size: 0,,0
	2026-03-04T14:12:40.5447118Z,File list generation time: 4.508 seconds,,0
	2026-03-04T14:12:40.8248606Z,File list transfer time: 0.000 seconds,,0
	2026-03-04T14:12:41.0246563Z,Total bytes sent: 3.45M,,0
	2026-03-04T14:12:41.1248267Z,Total bytes received: 1.44K,,0
	2026-03-04T14:12:41.4326048Z,,,0
	2026-03-04T14:12:41.7497109Z,sent 3.45M bytes  received 1.44K bytes  46.31K bytes/sec,,0
	2026-03-04T14:12:42.2287119Z,total size is 7.90M  speedup is 2.29,,0
	2026-03-04T14:12:42.5282428Z,Attempt 1: Rsync for filelist /tmp//splits/split.ae completed with exit code 0,,0
	2026-03-04T14:12:42.7071409Z,,,0
	2026-03-04T14:12:44.4471270Z,Number of files: 82 (reg: 77&comma; dir: 5),,0
	2026-03-04T14:12:44.6553843Z,Number of created files: 1 (reg: 1),,0
	2026-03-04T14:12:46.3398580Z,Number of deleted files: 0,,0
	2026-03-04T14:12:46.6203266Z,Number of regular files transferred: 72,,0
	2026-03-04T14:12:46.9460253Z,Total file size: 6.54M bytes,,0
	2026-03-04T14:12:47.9744757Z,Total transferred file size: 5.22M bytes,,0
	2026-03-04T14:12:48.4210438Z,Literal data: 5.22M bytes,,0
	2026-03-04T14:12:48.5428684Z,Matched data: 0 bytes,,0
	2026-03-04T14:12:48.8112484Z,File list size: 0,,0
	2026-03-04T14:12:49.2361243Z,File list generation time: 5.834 seconds,,0
	2026-03-04T14:12:49.8426127Z,File list transfer time: 0.000 seconds,,0
	2026-03-04T14:12:50.3671078Z,Total bytes sent: 3.45M,,0
	2026-03-04T14:12:50.5171774Z,Total bytes received: 1.41K,,0
	2026-03-04T14:12:51.0380379Z,,,0
	2026-03-04T14:12:51.2965160Z,sent 3.45M bytes  received 1.41K bytes  45.13K bytes/sec,,0
	2026-03-04T14:12:51.8296279Z,total size is 6.54M  speedup is 1.89,,0
	2026-03-04T14:12:51.9639634Z,Attempt 1: Rsync for filelist /tmp//splits/split.ad completed with exit code 0,,0
	2026-03-04T14:12:52.6390183Z,,,0
	2026-03-04T14:12:52.8580498Z,Number of files: 79 (reg: 77&comma; dir: 2),,0
	2026-03-04T14:12:53.1884534Z,Number of created files: 0,,0
	2026-03-04T14:12:53.6330156Z,Number of deleted files: 0,,0
	2026-03-04T14:12:54.7642624Z,Number of regular files transferred: 76,,0
	2026-03-04T14:12:55.2350887Z,Total file size: 8.34M bytes,,0
	2026-03-04T14:12:56.5528974Z,Total transferred file size: 7.38M bytes,,0
	2026-03-04T14:12:56.7432696Z,Literal data: 7.38M bytes,,0
	2026-03-04T14:12:57.1477936Z,Matched data: 0 bytes,,0
	2026-03-04T14:12:57.7613345Z,File list size: 0,,0
	2026-03-04T14:12:58.3296119Z,File list generation time: 7.073 seconds,,0
	2026-03-04T14:12:58.7470279Z,File list transfer time: 0.000 seconds,,0
	2026-03-04T14:12:59.0894293Z,Total bytes sent: 5.99M,,0
	2026-03-04T14:12:59.7806683Z,Total bytes received: 1.47K,,0
	2026-03-04T14:12:59.8323420Z,,,0
	2026-03-04T14:13:00.2954396Z,sent 5.99M bytes  received 1.47K bytes  69.27K bytes/sec,,0
	2026-03-04T14:13:00.8313169Z,total size is 8.34M  speedup is 1.39,,0
	2026-03-04T14:13:00.9398148Z,Attempt 1: Rsync for filelist /tmp//splits/split.af completed with exit code 0,,0
	2026-03-04T14:13:00.9706300Z,,,0
	2026-03-04T14:13:01.3754809Z,Number of files: 79 (reg: 77&comma; dir: 2),,0
	2026-03-04T14:13:01.6173226Z,Number of created files: 1 (reg: 1),,0
	2026-03-04T14:13:01.9809413Z,Number of deleted files: 0,,0
	2026-03-04T14:13:02.1298700Z,Number of regular files transferred: 72,,0
	2026-03-04T14:13:02.6502074Z,Total file size: 6.93M bytes,,0
	2026-03-04T14:13:02.7435698Z,Total transferred file size: 5.20M bytes,,0
	2026-03-04T14:13:02.8539683Z,Literal data: 5.20M bytes,,0
	2026-03-04T14:13:03.2961144Z,Matched data: 0 bytes,,0
	2026-03-04T14:13:03.6509810Z,File list size: 0,,0
	2026-03-04T14:13:03.7826465Z,File list generation time: 11.984 seconds,,0
	2026-03-04T14:13:04.0417221Z,File list transfer time: 0.000 seconds,,0
	2026-03-04T14:13:04.3398814Z,Total bytes sent: 2.73M,,0
	2026-03-04T14:13:04.5628089Z,Total bytes received: 1.41K,,0
	2026-03-04T14:13:04.6810646Z,,,0
	2026-03-04T14:13:04.9390679Z,sent 2.73M bytes  received 1.41K bytes  30.19K bytes/sec,,0
	2026-03-04T14:13:05.0321342Z,total size is 6.93M  speedup is 2.54,,0
	2026-03-04T14:13:05.1094191Z,Attempt 1: Rsync for filelist /tmp//splits/split.ag completed with exit code 0,,0
	2026-03-04T14:13:05.1614977Z,Completed successfully in 95 seconds,,0
2026-03-04T14:13:08.8386165Z,Build completed succesfully.,49570c89-d91c-454b-8b87-a748cc0d335a,0
2026-03-04T14:13:10.4513186Z,Running post deployment command(s)...,d5d85d0c-6ea3-4f8d-884d-b8e43948d4c7,0
2026-03-04T14:13:12.3832281Z,Triggering container recycle for OneDeploy by adding/updating restartTrigger.txt to the site root path,21471aa2-bf25-4adc-84a5-60d5d17cb6f2,0
2026-03-04T14:13:15.6088432Z,Deployment successful. deployer = OneDeploy deploymentPath = OneDeploy,a83eeeaf-59a7-46e6-b5e5-ab3f93e98c8d,0
