2026-03-04T14:28:21.0473424Z     __ __          __      __    _ __     
2026-03-04T14:28:21.0492787Z    / //_/_  _ ____/ /_  __/ /   (_) /____ 
2026-03-04T14:28:21.0492988Z   / ,< / / / / __  / / / / /   / / __/ _  
2026-03-04T14:28:21.0493126Z  / /| / /_/ / /_/ / /_/ / /___/ / /_/  __/
2026-03-04T14:28:21.0493187Z /_/ |_\__,_/\__,_/\__,_/_____/_/\__/\___/ 
2026-03-04T14:28:21.0493263Z 
2026-03-04T14:28:21.0493336Z                                           
2026-03-04T14:28:21.0493394Z DEBUG CONSOLE | AZURE APP SERVICE ON LINUX
2026-03-04T14:28:21.0493448Z 
2026-03-04T14:28:21.0493510Z Documentation: http://aka.ms/webapp-linux
2026-03-04T14:28:21.0493572Z Kudu Version : 20260204.5
2026-03-04T14:28:21.0493661Z Commit       : f2123a3d94768058c9d9e002efc0a31e9c1580a3
2026-03-04T14:28:21.0493721Z Instance Name: lw1sdlwk000AKC
2026-03-04T14:28:21.0493789Z Instance Id  : 14081d20018b15b1623fc720b48f16fa62465e5170c988d77c1ce70393fc7d40
2026-03-04T14:28:21.0493842Z 
2026-03-04T14:28:28.5289643Z chown: changing ownership of '/temp': Operation not permitted
2026-03-04T14:28:28.7707761Z chmod: changing permissions of '/temp': Operation not permitted
2026-03-04T14:29:31.1193760Z  * Restarting OpenBSD Secure Shell server sshd
2026-03-04T14:29:31.9571947Z    ...done.
2026-03-04T14:29:32.4022008Z node not running, starting node /opt/webssh/index.js
2026-03-04T14:31:17.3386734Z Wed Mar 4 14:31:17 UTC 2026 running .net core
2026-03-04T14:31:30.7006401Z Startup : 02.31.30.387791
2026-03-04T14:31:30.9319417Z Configure Services : 02.31.30.931566
2026-03-04T14:31:35.0314734Z Configure : 02.31.35.031227
2026-03-04T14:31:38.9313198Z Setting Up Routes : 02.31.38.931068
2026-03-04T14:31:39.1906147Z Exiting Configure : 02.31.39.190326
2026-03-04T14:31:42.3535155Z Hosting environment: Production
2026-03-04T14:31:42.3539226Z Content root path: /opt/Kudu
2026-03-04T14:31:42.3618700Z Now listening on: http://0.0.0.0:8181
2026-03-04T14:31:42.3620892Z Application started. Press Ctrl+C to shut down.
2026-03-04T14:33:41.0312369Z warn: Microsoft.AspNetCore.Server.Kestrel[22]
2026-03-04T14:33:41.0312814Z       As of "03/04/2026 14:33:26 +00:00", the heartbeat has been running for "00:00:01.0102081" which is longer than "00:00:01". This could be caused by thread pool starvation.
2026-03-04T14:35:08.8708244Z     __ __          __      __    _ __     
2026-03-04T14:35:08.8716729Z    / //_/_  _ ____/ /_  __/ /   (_) /____ 
2026-03-04T14:35:08.8716927Z   / ,< / / / / __  / / / / /   / / __/ _  
2026-03-04T14:35:08.8716990Z  / /| / /_/ / /_/ / /_/ / /___/ / /_/  __/
2026-03-04T14:35:08.8717050Z /_/ |_\__,_/\__,_/\__,_/_____/_/\__/\___/ 
2026-03-04T14:35:08.8717121Z 
2026-03-04T14:35:08.8717436Z                                           
2026-03-04T14:35:08.8717534Z DEBUG CONSOLE | AZURE APP SERVICE ON LINUX
2026-03-04T14:35:08.8717588Z 
2026-03-04T14:35:08.8717651Z Documentation: http://aka.ms/webapp-linux
2026-03-04T14:35:08.8717708Z Kudu Version : 20260204.5
2026-03-04T14:35:08.8717771Z Commit       : f2123a3d94768058c9d9e002efc0a31e9c1580a3
2026-03-04T14:35:08.8717829Z Instance Name: lw1sdlwk000AKC
2026-03-04T14:35:08.8717898Z Instance Id  : 14081d20018b15b1623fc720b48f16fa62465e5170c988d77c1ce70393fc7d40
2026-03-04T14:35:08.8717952Z 
2026-03-04T14:35:17.9068108Z chown: changing ownership of '/temp': Operation not permitted
2026-03-04T14:35:18.1414622Z chmod: changing permissions of '/temp': Operation not permitted
2026-03-04T14:35:35.3460290Z  * Restarting OpenBSD Secure Shell server sshd
2026-03-04T14:35:35.7336215Z    ...done.
2026-03-04T14:35:36.2080881Z node not running, starting node /opt/webssh/index.js
2026-03-04T14:36:35.6591198Z Wed Mar 4 14:36:35 UTC 2026 running .net core
2026-03-04T14:36:42.3553583Z Startup : 02.36.42.065455
2026-03-04T14:36:42.6971149Z Configure Services : 02.36.42.696859
2026-03-04T14:36:46.2221159Z Configure : 02.36.46.221911
2026-03-04T14:36:55.4217445Z Setting Up Routes : 02.36.55.414620
2026-03-04T14:36:56.4250032Z Exiting Configure : 02.36.56.406794
2026-03-04T14:36:59.4310974Z Hosting environment: Production
2026-03-04T14:36:59.4334046Z Content root path: /opt/Kudu
2026-03-04T14:36:59.4418219Z Now listening on: http://0.0.0.0:8181
2026-03-04T14:36:59.4428019Z Application started. Press Ctrl+C to shut down.
2026-03-04T14:37:12.9827804Z Deploy Async
2026-03-04T14:37:26.0670877Z Run rsync from: /tmp/zipdeploy/extracted/ to: /home/site/wwwroot/ in 8 parallel threads
2026-03-04T14:37:26.3614446Z Delete options: clean=False, use manifest=False, directory to ignore=
2026-03-04T14:37:26.4494992Z Prev manifest = /home/site/deployments/2e8da79d-b844-4a6a-85e4-5c18800dd95e/manifest and next /home/site/deployments/6e4d9989-731f-42fd-b856-921f93381dab/manifest
2026-03-04T14:37:26.4495262Z Cleaning up /tmp//filelist.txt and /tmp//splits
2026-03-04T14:37:26.7183577Z Creating a list of all files at /tmp//filelist.txt
2026-03-04T14:37:27.0978206Z No directory to exclude.
2026-03-04T14:37:29.4699447Z Created /tmp//filelist.txt. Total number of files to be synced = 608.
2026-03-04T14:37:31.2944946Z Created batches from the list of files. Processing 77 files in each thread
2026-03-04T14:37:34.0457484Z Running rsync for filelist /tmp//splits/split.ad from /tmp/zipdeploy/extracted/ to /home/site/wwwroot/
2026-03-04T14:37:34.2537809Z Running rsync for filelist /tmp//splits/split.ac from /tmp/zipdeploy/extracted/ to /home/site/wwwroot/
2026-03-04T14:37:36.7044899Z Running rsync for filelist /tmp//splits/split.aa from /tmp/zipdeploy/extracted/ to /home/site/wwwroot/
2026-03-04T14:37:37.5335804Z Running rsync for filelist /tmp//splits/split.ab from /tmp/zipdeploy/extracted/ to /home/site/wwwroot/
2026-03-04T14:37:37.7352244Z Running rsync for filelist /tmp//splits/split.ae from /tmp/zipdeploy/extracted/ to /home/site/wwwroot/
2026-03-04T14:37:41.5413859Z Running rsync for filelist /tmp//splits/split.af from /tmp/zipdeploy/extracted/ to /home/site/wwwroot/
2026-03-04T14:37:42.1722106Z Running rsync for filelist /tmp//splits/split.ag from /tmp/zipdeploy/extracted/ to /home/site/wwwroot/
2026-03-04T14:37:43.0038959Z Running rsync for filelist /tmp//splits/split.ah from /tmp/zipdeploy/extracted/ to /home/site/wwwroot/
2026-03-04T14:38:20.0584218Z ........................warn: Microsoft.AspNetCore.Server.Kestrel[22]
2026-03-04T14:38:20.0584752Z       As of "03/04/2026 14:38:19 +00:00", the heartbeat has been running for "00:00:05.7653533" which is longer than "00:00:01". This could be caused by thread pool starvation.
2026-03-04T14:38:32.1488141Z .........
2026-03-04T14:38:32.1488800Z 
2026-03-04T14:38:33.1229872Z Number of files: 107 (reg: 77, dir: 30)
2026-03-04T14:38:33.4486722Z Number of created files: 0
2026-03-04T14:38:33.9439077Z Number of deleted files: 0
2026-03-04T14:38:34.7024775Z Number of regular files transferred: 4
2026-03-04T14:38:35.0773380Z Total file size: 109.30M bytes
2026-03-04T14:38:35.7202646Z Total transferred file size: 1.02M bytes
2026-03-04T14:38:37.0539120Z Literal data: 1.02M bytes
2026-03-04T14:38:38.9952464Z Matched data: 0 bytes
2026-03-04T14:38:39.6263431Z File list size: 0
2026-03-04T14:38:40.5002093Z File list generation time: 15.881 seconds
2026-03-04T14:38:40.9086696Z File list transfer time: 0.000 seconds
2026-03-04T14:38:41.3748592Z Total bytes sent: 76.08K
2026-03-04T14:38:42.0515372Z Total bytes received: 401
2026-03-04T14:38:43.6050849Z 
2026-03-04T14:38:43.9254565Z sent 76.08K bytes  received 401 bytes  1.46K bytes/sec
2026-03-04T14:38:44.7399380Z total size is 109.30M  speedup is 1,429.08
2026-03-04T14:38:45.1380921Z Attempt 1: Rsync for filelist /tmp//splits/split.aa completed with exit code 0
2026-03-04T14:38:45.3595836Z 
2026-03-04T14:38:45.4781018Z Number of files: 72 (reg: 69, dir: 3)
2026-03-04T14:38:45.6360121Z Number of created files: 0
2026-03-04T14:38:45.6772605Z Number of deleted files: 0
2026-03-04T14:38:45.7476913Z Number of regular files transferred: 33
2026-03-04T14:38:45.8347165Z Total file size: 13.62M bytes
2026-03-04T14:38:45.9268818Z Total transferred file size: 809.28K bytes
2026-03-04T14:38:46.0021282Z Literal data: 809.28K bytes
2026-03-04T14:38:46.0542635Z Matched data: 0 bytes
2026-03-04T14:38:46.1322614Z File list size: 0
2026-03-04T14:38:46.4649184Z File list generation time: 20.966 seconds
2026-03-04T14:38:46.7723997Z File list transfer time: 0.000 seconds
2026-03-04T14:38:47.0720868Z Total bytes sent: 527.08K
2026-03-04T14:38:47.2838773Z Total bytes received: 760
2026-03-04T14:38:47.4514167Z 
2026-03-04T14:38:47.7966835Z sent 527.08K bytes  received 760 bytes  8.18K bytes/sec
2026-03-04T14:38:47.9070111Z total size is 13.62M  speedup is 25.80
2026-03-04T14:38:48.1537099Z Attempt 1: Rsync for filelist /tmp//splits/split.ah completed with exit code 0
2026-03-04T14:38:48.3577539Z 
2026-03-04T14:38:48.6072168Z Number of files: 111 (reg: 77, dir: 34)
2026-03-04T14:38:48.8667749Z Number of created files: 0
2026-03-04T14:38:49.1978118Z Number of deleted files: 0
2026-03-04T14:38:49.3174322Z Number of regular files transferred: 13
2026-03-04T14:38:49.6607498Z Total file size: 123.87M bytes
2026-03-04T14:38:49.9010610Z Total transferred file size: 1.04M bytes
2026-03-04T14:38:50.0529210Z Literal data: 1.04M bytes
2026-03-04T14:38:50.9517807Z Matched data: 0 bytes
2026-03-04T14:38:51.8248514Z File list size: 0
2026-03-04T14:38:51.9914754Z File list generation time: 20.831 seconds
2026-03-04T14:38:52.1734184Z File list transfer time: 0.000 seconds
2026-03-04T14:38:53.0007870Z Total bytes sent: 374.86K
2026-03-04T14:38:53.3911955Z Total bytes received: 554
2026-03-04T14:38:53.6270237Z 
2026-03-04T14:38:54.1449871Z sent 374.86K bytes  received 554 bytes  5.73K bytes/sec
2026-03-04T14:38:54.2300423Z total size is 123.87M  speedup is 329.96
2026-03-04T14:38:54.4212892Z Attempt 1: Rsync for filelist /tmp//splits/split.ab completed with exit code 0
2026-03-04T14:38:54.5348415Z 
2026-03-04T14:38:55.4591534Z Number of files: 85 (reg: 77, dir: 8)
2026-03-04T14:38:55.7699531Z Number of created files: 0
2026-03-04T14:38:56.2899859Z Number of deleted files: 0
2026-03-04T14:38:56.4308023Z Number of regular files transferred: 44
2026-03-04T14:38:56.6291584Z Total file size: 15.69M bytes
2026-03-04T14:38:57.0894762Z Total transferred file size: 1.62M bytes
2026-03-04T14:38:57.3667877Z Literal data: 1.62M bytes
2026-03-04T14:38:57.5583543Z Matched data: 0 bytes
2026-03-04T14:38:57.8190923Z File list size: 0
2026-03-04T14:38:58.0277982Z File list generation time: 16.342 seconds
2026-03-04T14:38:58.2753193Z File list transfer time: 0.000 seconds
2026-03-04T14:38:58.4408408Z Total bytes sent: 1.47M
2026-03-04T14:38:58.5912769Z Total bytes received: 969
2026-03-04T14:38:58.7225461Z 
2026-03-04T14:38:58.9729923Z sent 1.47M bytes  received 969 bytes  21.54K bytes/sec
2026-03-04T14:38:59.1031819Z total size is 15.69M  speedup is 10.64
2026-03-04T14:38:59.2843276Z Attempt 1: Rsync for filelist /tmp//splits/split.ac completed with exit code 0
2026-03-04T14:38:59.3958232Z 
2026-03-04T14:38:59.4838994Z Number of files: 82 (reg: 77, dir: 5)
2026-03-04T14:38:59.6368003Z Number of created files: 0
2026-03-04T14:38:59.7663693Z Number of deleted files: 0
2026-03-04T14:38:59.8184349Z Number of regular files transferred: 72
2026-03-04T14:38:59.9762559Z Total file size: 6.51M bytes
2026-03-04T14:39:00.1220824Z Total transferred file size: 5.20M bytes
2026-03-04T14:39:00.2352082Z Literal data: 5.20M bytes
2026-03-04T14:39:00.5209325Z Matched data: 0 bytes
2026-03-04T14:39:00.5821651Z File list size: 0
2026-03-04T14:39:00.6703234Z File list generation time: 18.399 seconds
2026-03-04T14:39:00.8109834Z File list transfer time: 0.000 seconds
2026-03-04T14:39:00.9097977Z Total bytes sent: 3.44M
2026-03-04T14:39:00.9991638Z Total bytes received: 1.41K
2026-03-04T14:39:01.0819559Z 
2026-03-04T14:39:01.2011995Z sent 3.44M bytes  received 1.41K bytes  40.73K bytes/sec
2026-03-04T14:39:01.3358459Z total size is 6.51M  speedup is 1.89
2026-03-04T14:39:01.4558123Z Attempt 1: Rsync for filelist /tmp//splits/split.ad completed with exit code 0
2026-03-04T14:39:01.6861707Z 
2026-03-04T14:39:01.9443226Z Number of files: 79 (reg: 77, dir: 2)
2026-03-04T14:39:02.1839871Z Number of created files: 2 (reg: 2)
2026-03-04T14:39:02.3113059Z Number of deleted files: 0
2026-03-04T14:39:02.4603064Z Number of regular files transferred: 74
2026-03-04T14:39:02.7107972Z Total file size: 7.86M bytes
2026-03-04T14:39:02.8092199Z Total transferred file size: 4.16M bytes
2026-03-04T14:39:02.9270347Z Literal data: 4.16M bytes
2026-03-04T14:39:03.0247431Z Matched data: 0 bytes
2026-03-04T14:39:03.1156455Z File list size: 0
2026-03-04T14:39:03.2144112Z File list generation time: 16.600 seconds
2026-03-04T14:39:03.2627698Z File list transfer time: 0.000 seconds
2026-03-04T14:39:03.3535022Z Total bytes sent: 3.43M
2026-03-04T14:39:03.4240459Z Total bytes received: 1.44K
2026-03-04T14:39:03.4442099Z 
2026-03-04T14:39:03.4744682Z sent 3.43M bytes  received 1.44K bytes  42.06K bytes/sec
2026-03-04T14:39:03.5112175Z total size is 7.86M  speedup is 2.29
2026-03-04T14:39:03.5241415Z Attempt 1: Rsync for filelist /tmp//splits/split.ae completed with exit code 0
2026-03-04T14:39:03.5718869Z 
2026-03-04T14:39:03.6221434Z Number of files: 79 (reg: 77, dir: 2)
2026-03-04T14:39:03.6352194Z Number of created files: 1 (reg: 1)
2026-03-04T14:39:03.6554243Z Number of deleted files: 0
2026-03-04T14:39:03.7146687Z Number of regular files transferred: 72
2026-03-04T14:39:03.7361023Z Total file size: 6.93M bytes
2026-03-04T14:39:03.7755417Z Total transferred file size: 5.20M bytes
2026-03-04T14:39:03.8153331Z Literal data: 5.20M bytes
2026-03-04T14:39:03.8737402Z Matched data: 0 bytes
2026-03-04T14:39:03.9144966Z File list size: 0
2026-03-04T14:39:03.9440837Z File list generation time: 20.098 seconds
2026-03-04T14:39:03.9942075Z File list transfer time: 0.000 seconds
2026-03-04T14:39:04.0249712Z Total bytes sent: 2.74M
2026-03-04T14:39:04.0560531Z Total bytes received: 1.41K
2026-03-04T14:39:04.1067267Z 
2026-03-04T14:39:04.1239187Z sent 2.74M bytes  received 1.41K bytes  32.39K bytes/sec
2026-03-04T14:39:04.1407250Z total size is 6.93M  speedup is 2.53
2026-03-04T14:39:04.1517332Z Attempt 1: Rsync for filelist /tmp//splits/split.ag completed with exit code 0
2026-03-04T14:39:04.2114472Z 
2026-03-04T14:39:04.2331175Z Number of files: 79 (reg: 77, dir: 2)
2026-03-04T14:39:04.3520447Z Number of created files: 3 (reg: 3)
2026-03-04T14:39:04.3826109Z Number of deleted files: 0
2026-03-04T14:39:04.4316136Z Number of regular files transferred: 76
2026-03-04T14:39:04.4432536Z Total file size: 8.41M bytes
2026-03-04T14:39:04.4636587Z Total transferred file size: 7.45M bytes
2026-03-04T14:39:04.5108135Z Literal data: 7.45M bytes
2026-03-04T14:39:04.5594466Z Matched data: 0 bytes
2026-03-04T14:39:04.5817669Z File list size: 0
2026-03-04T14:39:04.6113607Z File list generation time: 32.132 seconds
2026-03-04T14:39:04.6214466Z File list transfer time: 0.000 seconds
2026-03-04T14:39:04.6587643Z Total bytes sent: 6.03M
2026-03-04T14:39:04.7091850Z Total bytes received: 1.47K
2026-03-04T14:39:04.7274827Z 
2026-03-04T14:39:04.7452506Z sent 6.03M bytes  received 1.47K bytes  72.23K bytes/sec
2026-03-04T14:39:04.7558291Z total size is 8.41M  speedup is 1.39
2026-03-04T14:39:04.7844363Z Attempt 1: Rsync for filelist /tmp//splits/split.af completed with exit code 0
2026-03-04T14:39:04.8048369Z Completed successfully in 97 seconds
2026-03-04T15:49:29.0081529Z Deploy Async
2026-03-04T15:49:31.6635253Z Run rsync from: /tmp/zipdeploy/extracted/ to: /home/site/wwwroot/ in 8 parallel threads
2026-03-04T15:49:31.7153513Z Delete options: clean=False, use manifest=False, directory to ignore=
2026-03-04T15:49:31.7439972Z Prev manifest = /home/site/deployments/6e4d9989-731f-42fd-b856-921f93381dab/manifest and next /home/site/deployments/ecb20149-6a0a-4288-adc3-e9eba9454c26/manifest
2026-03-04T15:49:31.7562800Z Cleaning up /tmp//filelist.txt and /tmp//splits
2026-03-04T15:49:31.8463014Z Creating a list of all files at /tmp//filelist.txt
2026-03-04T15:49:31.8682212Z No directory to exclude.
2026-03-04T15:49:31.9276458Z Created /tmp//filelist.txt. Total number of files to be synced = 608.
2026-03-04T15:49:32.0178791Z Created batches from the list of files. Processing 77 files in each thread
2026-03-04T15:49:32.2705013Z Running rsync for filelist /tmp//splits/split.ab from /tmp/zipdeploy/extracted/ to /home/site/wwwroot/
2026-03-04T15:49:32.6709750Z Running rsync for filelist /tmp//splits/split.ae from /tmp/zipdeploy/extracted/ to /home/site/wwwroot/
2026-03-04T15:49:33.0380262Z Running rsync for filelist /tmp//splits/split.aa from /tmp/zipdeploy/extracted/ to /home/site/wwwroot/
2026-03-04T15:49:33.0796123Z Running rsync for filelist /tmp//splits/split.ag from /tmp/zipdeploy/extracted/ to /home/site/wwwroot/
2026-03-04T15:49:33.1760083Z Running rsync for filelist /tmp//splits/split.ac from /tmp/zipdeploy/extracted/ to /home/site/wwwroot/
2026-03-04T15:49:33.4855628Z Running rsync for filelist /tmp//splits/split.ah from /tmp/zipdeploy/extracted/ to /home/site/wwwroot/
2026-03-04T15:49:33.7116470Z Running rsync for filelist /tmp//splits/split.af from /tmp/zipdeploy/extracted/ to /home/site/wwwroot/
2026-03-04T15:49:33.8600614Z Running rsync for filelist /tmp//splits/split.ad from /tmp/zipdeploy/extracted/ to /home/site/wwwroot/
2026-03-04T15:49:36.8204532Z 
2026-03-04T15:49:36.9296159Z Number of files: 107 (reg: 77, dir: 30)
2026-03-04T15:49:37.0476552Z Number of created files: 0
2026-03-04T15:49:37.1349413Z Number of deleted files: 0
2026-03-04T15:49:37.2040251Z Number of regular files transferred: 4
2026-03-04T15:49:37.2404780Z Total file size: 109.30M bytes
2026-03-04T15:49:37.2625876Z Total transferred file size: 1.02M bytes
2026-03-04T15:49:37.3073784Z Literal data: 1.02M bytes
2026-03-04T15:49:37.3526904Z Matched data: 0 bytes
2026-03-04T15:49:37.3942214Z File list size: 0
2026-03-04T15:49:37.4312731Z File list generation time: 1.122 seconds
2026-03-04T15:49:37.4623207Z File list transfer time: 0.000 seconds
2026-03-04T15:49:37.4927613Z Total bytes sent: 75.90K
2026-03-04T15:49:37.5310803Z Total bytes received: 401
2026-03-04T15:49:37.6614344Z 
2026-03-04T15:49:37.7645628Z sent 75.90K bytes  received 401 bytes  16.95K bytes/sec
2026-03-04T15:49:37.8478466Z total size is 109.30M  speedup is 1,432.62
2026-03-04T15:49:37.9578148Z Attempt 1: Rsync for filelist /tmp//splits/split.aa completed with exit code 0
2026-03-04T15:49:39.1852591Z 
2026-03-04T15:49:39.2626064Z Number of files: 111 (reg: 77, dir: 34)
2026-03-04T15:49:39.3136651Z Number of created files: 0
2026-03-04T15:49:39.3640008Z Number of deleted files: 0
2026-03-04T15:49:39.4555837Z Number of regular files transferred: 13
2026-03-04T15:49:39.5042884Z Total file size: 123.87M bytes
2026-03-04T15:49:39.5946285Z Total transferred file size: 1.04M bytes
2026-03-04T15:49:39.7160106Z Literal data: 1.04M bytes
2026-03-04T15:49:39.8450157Z Matched data: 0 bytes
2026-03-04T15:49:39.9687786Z File list size: 0
2026-03-04T15:49:40.1551067Z File list generation time: 1.221 seconds
2026-03-04T15:49:40.3959139Z File list transfer time: 0.000 seconds
2026-03-04T15:49:40.5758549Z Total bytes sent: 374.86K
2026-03-04T15:49:40.6694849Z Total bytes received: 554
2026-03-04T15:49:40.7774423Z 
2026-03-04T15:49:40.8684023Z sent 374.86K bytes  received 554 bytes  68.26K bytes/sec
2026-03-04T15:49:40.9564289Z total size is 123.87M  speedup is 329.96
2026-03-04T15:49:41.0078216Z Attempt 1: Rsync for filelist /tmp//splits/split.ab completed with exit code 0
2026-03-04T15:49:41.0484723Z 
2026-03-04T15:49:41.1178623Z Number of files: 72 (reg: 69, dir: 3)
2026-03-04T15:49:41.1668516Z Number of created files: 0
2026-03-04T15:49:41.2174498Z Number of deleted files: 0
2026-03-04T15:49:41.2820563Z Number of regular files transferred: 33
2026-03-04T15:49:41.4197441Z Total file size: 13.62M bytes
2026-03-04T15:49:41.6477380Z Total transferred file size: 809.28K bytes
2026-03-04T15:49:41.7093980Z Literal data: 809.28K bytes
2026-03-04T15:49:41.8194528Z Matched data: 0 bytes
2026-03-04T15:49:41.8618289Z File list size: 0
2026-03-04T15:49:41.9124444Z File list generation time: 0.731 seconds
2026-03-04T15:49:42.0096126Z File list transfer time: 0.000 seconds
2026-03-04T15:49:42.0522169Z Total bytes sent: 527.06K
2026-03-04T15:49:42.1233750Z Total bytes received: 760
2026-03-04T15:49:42.1629554Z 
2026-03-04T15:49:42.2397819Z sent 527.06K bytes  received 760 bytes  70.38K bytes/sec
2026-03-04T15:49:42.3375568Z total size is 13.62M  speedup is 25.80
2026-03-04T15:49:42.4077480Z Attempt 1: Rsync for filelist /tmp//splits/split.ah completed with exit code 0
2026-03-04T15:49:45.1298271Z 
2026-03-04T15:49:45.7025142Z Number of files: 85 (reg: 77, dir: 8)
2026-03-04T15:49:45.7025401Z Number of created files: 0
2026-03-04T15:49:45.7025458Z Number of deleted files: 0
2026-03-04T15:49:45.7025505Z Number of regular files transferred: 44
2026-03-04T15:49:45.7025549Z Total file size: 15.69M bytes
2026-03-04T15:49:45.8025240Z Total transferred file size: 1.62M bytes
2026-03-04T15:49:45.8929389Z Literal data: 1.62M bytes
2026-03-04T15:49:46.0107358Z Matched data: 0 bytes
2026-03-04T15:49:46.1140539Z File list size: 0
2026-03-04T15:49:46.2254136Z File list generation time: 1.451 seconds
2026-03-04T15:49:46.3737431Z File list transfer time: 0.000 seconds
2026-03-04T15:49:46.4123560Z Total bytes sent: 1.47M
2026-03-04T15:49:46.4947589Z Total bytes received: 969
2026-03-04T15:49:46.7229525Z 
2026-03-04T15:49:46.8008269Z sent 1.47M bytes  received 969 bytes  128.29K bytes/sec
2026-03-04T15:49:46.9382538Z total size is 15.69M  speedup is 10.64
2026-03-04T15:49:47.0997097Z Attempt 1: Rsync for filelist /tmp//splits/split.ac completed with exit code 0
2026-03-04T15:49:49.2642570Z 
2026-03-04T15:49:49.3627105Z Number of files: 79 (reg: 77, dir: 2)
2026-03-04T15:49:49.4692464Z Number of created files: 3 (reg: 3)
2026-03-04T15:49:49.5380515Z Number of deleted files: 0
2026-03-04T15:49:49.5601580Z Number of regular files transferred: 74
2026-03-04T15:49:49.5870064Z Total file size: 7.90M bytes
2026-03-04T15:49:49.6074917Z Total transferred file size: 4.20M bytes
2026-03-04T15:49:49.6939072Z Literal data: 4.20M bytes
2026-03-04T15:49:49.7274370Z Matched data: 0 bytes
2026-03-04T15:49:49.7460112Z File list size: 0
2026-03-04T15:49:49.7771913Z File list generation time: 1.553 seconds
2026-03-04T15:49:49.8256632Z File list transfer time: 0.000 seconds
2026-03-04T15:49:49.9272720Z Total bytes sent: 3.47M
2026-03-04T15:49:50.0299466Z Total bytes received: 1.44K
2026-03-04T15:49:50.0878872Z 
2026-03-04T15:49:50.1049348Z sent 3.47M bytes  received 1.44K bytes  198.42K bytes/sec
2026-03-04T15:49:50.2284982Z total size is 7.90M  speedup is 2.28
2026-03-04T15:49:50.2759912Z Attempt 1: Rsync for filelist /tmp//splits/split.ae completed with exit code 0
2026-03-04T15:49:50.3232696Z 
2026-03-04T15:49:50.6348797Z Number of files: 79 (reg: 77, dir: 2)
2026-03-04T15:49:50.6610487Z Number of created files: 1 (reg: 1)
2026-03-04T15:49:50.8256593Z Number of deleted files: 0
2026-03-04T15:49:50.9121836Z Number of regular files transferred: 72
2026-03-04T15:49:51.0948446Z Total file size: 6.91M bytes
2026-03-04T15:49:51.2575334Z Total transferred file size: 5.18M bytes
2026-03-04T15:49:51.3367892Z Literal data: 5.18M bytes
2026-03-04T15:49:51.4126522Z Matched data: 0 bytes
2026-03-04T15:49:51.4951852Z File list size: 0
2026-03-04T15:49:51.5315376Z File list generation time: 1.196 seconds
2026-03-04T15:49:51.6284668Z File list transfer time: 0.000 seconds
2026-03-04T15:49:51.7088492Z Total bytes sent: 2.72M
2026-03-04T15:49:51.7771803Z Total bytes received: 1.41K
2026-03-04T15:49:51.8676186Z 
2026-03-04T15:49:51.8977387Z sent 2.72M bytes  received 1.41K bytes  155.29K bytes/sec
2026-03-04T15:49:51.8989450Z total size is 6.91M  speedup is 2.54
2026-03-04T15:49:51.9566216Z Attempt 1: Rsync for filelist /tmp//splits/split.ag completed with exit code 0
2026-03-04T15:49:52.0372920Z 
2026-03-04T15:49:52.0373665Z Number of files: 79 (reg: 77, dir: 2)
2026-03-04T15:49:52.0679796Z Number of created files: 2 (reg: 2)
2026-03-04T15:49:52.1518162Z Number of deleted files: 0
2026-03-04T15:49:52.1709798Z Number of regular files transferred: 76
2026-03-04T15:49:52.2016594Z Total file size: 8.38M bytes
2026-03-04T15:49:52.2201757Z Total transferred file size: 7.42M bytes
2026-03-04T15:49:52.2560781Z Literal data: 7.42M bytes
2026-03-04T15:49:52.3034728Z Matched data: 0 bytes
2026-03-04T15:49:52.3489442Z File list size: 0
2026-03-04T15:49:52.4050351Z File list generation time: 1.313 seconds
2026-03-04T15:49:52.4702445Z File list transfer time: 0.000 seconds
2026-03-04T15:49:52.6075556Z Total bytes sent: 6.01M
2026-03-04T15:49:52.6276065Z Total bytes received: 1.47K
2026-03-04T15:49:52.7568952Z 
2026-03-04T15:49:52.8467780Z sent 6.01M bytes  received 1.47K bytes  364.04K bytes/sec
2026-03-04T15:49:53.4031741Z total size is 8.38M  speedup is 1.40
2026-03-04T15:49:53.5235159Z Attempt 1: Rsync for filelist /tmp//splits/split.af completed with exit code 0
2026-03-04T15:49:53.5235448Z 
2026-03-04T15:49:53.5235502Z Number of files: 82 (reg: 77, dir: 5)
2026-03-04T15:49:53.5235548Z Number of created files: 0
2026-03-04T15:49:53.5235591Z Number of deleted files: 0
2026-03-04T15:49:53.5235640Z Number of regular files transferred: 72
2026-03-04T15:49:53.5235685Z Total file size: 6.51M bytes
2026-03-04T15:49:53.5235729Z Total transferred file size: 5.20M bytes
2026-03-04T15:49:53.5235773Z Literal data: 5.20M bytes
2026-03-04T15:49:53.5235815Z Matched data: 0 bytes
2026-03-04T15:49:53.5235857Z File list size: 0
2026-03-04T15:49:53.6039862Z File list generation time: 1.330 seconds
2026-03-04T15:49:53.6417671Z File list transfer time: 0.000 seconds
2026-03-04T15:49:53.6737514Z Total bytes sent: 3.44M
2026-03-04T15:49:53.6918489Z Total bytes received: 1.41K
2026-03-04T15:49:53.7318927Z 
2026-03-04T15:49:53.7629102Z sent 3.44M bytes  received 1.41K bytes  196.67K bytes/sec
2026-03-04T15:49:53.8445971Z total size is 6.51M  speedup is 1.89
2026-03-04T15:49:53.9029377Z Attempt 1: Rsync for filelist /tmp//splits/split.ad completed with exit code 0
2026-03-04T15:49:54.0322451Z Completed successfully in 19 seconds
