2026-03-04T05:04:18.3946039Z,Updating submodules.,79ade997-dc98-4baf-a248-9dc1e7acb537,0
2026-03-04T05:04:20.6270899Z,Preparing deployment for commit id '859cf1ec-b'.,f3ef1b26-3920-4086-b633-709b8ee29a7a,0
2026-03-04T05:04:22.1975740Z,PreDeployment: context.CleanOutputPath False,003f0bd9-7c50-4473-9f63-596c56068d38,0
2026-03-04T05:04:22.3193297Z,PreDeployment: context.OutputPath /home/site/wwwroot,b8de4af5-2aad-4bb9-b8f3-50f76508ae66,0
2026-03-04T05:04:22.4465302Z,Running build. Project type: OneDeploy,6275c7ea-effa-46d2-9828-b18709024cba,0
2026-03-04T05:04:22.6222531Z,Copying the manifest,979b76b1-abea-470a-8cef-d66bb7a88dda,0
2026-03-04T05:04:22.8837578Z,Running deployment command...,c7c30fe4-6020-4a61-b69a-dd8249269c4e,0
	2026-03-04T05:04:22.8902312Z,Command: /opt/Kudu/Scripts/parallel_rsync.sh /tmp/zipdeploy/extracted /home/site/wwwroot 8 /tmp/ False False  ,,0
	2026-03-04T05:04:23.2272539Z,Run rsync from: /tmp/zipdeploy/extracted/ to: /home/site/wwwroot/ in 8 parallel threads,,0
	2026-03-04T05:04:23.2850067Z,Delete options: clean=False&comma; use manifest=False&comma; directory to ignore=,,0
	2026-03-04T05:04:23.3642640Z,Prev manifest = /home/site/deployments/5cadd7ac-a9f4-407f-8b1f-e09bea4c8afd/manifest and next /home/site/deployments/859cf1ec-ba56-44e5-924f-1465317a6752/manifest,,0
	2026-03-04T05:04:23.4021381Z,Cleaning up /tmp//filelist.txt and /tmp//splits,,0
	2026-03-04T05:04:23.4534155Z,Creating a list of all files at /tmp//filelist.txt,,0
	2026-03-04T05:04:23.5061626Z,No directory to exclude.,,0
	2026-03-04T05:04:23.5941091Z,Created /tmp//filelist.txt. Total number of files to be synced = 608.,,0
	2026-03-04T05:04:23.6499452Z,Created batches from the list of files. Processing 77 files in each thread,,0
	2026-03-04T05:04:23.7897394Z,Running rsync for filelist /tmp//splits/split.aa from /tmp/zipdeploy/extracted/ to /home/site/wwwroot/,,0
	2026-03-04T05:04:24.5061995Z,Running rsync for filelist /tmp//splits/split.ab from /tmp/zipdeploy/extracted/ to /home/site/wwwroot/,,0
	2026-03-04T05:04:25.2209584Z,Running rsync for filelist /tmp//splits/split.ac from /tmp/zipdeploy/extracted/ to /home/site/wwwroot/,,0
	2026-03-04T05:04:25.5423735Z,Running rsync for filelist /tmp//splits/split.ad from /tmp/zipdeploy/extracted/ to /home/site/wwwroot/,,0
	2026-03-04T05:04:25.9883282Z,Running rsync for filelist /tmp//splits/split.ag from /tmp/zipdeploy/extracted/ to /home/site/wwwroot/,,0
	2026-03-04T05:04:26.0396475Z,Running rsync for filelist /tmp//splits/split.ah from /tmp/zipdeploy/extracted/ to /home/site/wwwroot/,,0
	2026-03-04T05:04:26.2588621Z,Running rsync for filelist /tmp//splits/split.af from /tmp/zipdeploy/extracted/ to /home/site/wwwroot/,,0
	2026-03-04T05:04:26.3214005Z,Running rsync for filelist /tmp//splits/split.ae from /tmp/zipdeploy/extracted/ to /home/site/wwwroot/,,0
	2026-03-04T05:04:30.8099899Z,,,0
	2026-03-04T05:04:30.8520939Z,Number of files: 107 (reg: 77&comma; dir: 30),,0
	2026-03-04T05:04:30.8927449Z,Number of created files: 0,,0
	2026-03-04T05:04:30.9437275Z,Number of deleted files: 0,,0
	2026-03-04T05:04:31.0213778Z,Number of regular files transferred: 4,,0
	2026-03-04T05:04:31.0423319Z,Total file size: 109.30M bytes,,0
	2026-03-04T05:04:31.0612277Z,Total transferred file size: 1.02M bytes,,0
	2026-03-04T05:04:31.1314680Z,Literal data: 1.02M bytes,,0
	2026-03-04T05:04:31.1419173Z,Matched data: 0 bytes,,0
	2026-03-04T05:04:31.1742037Z,File list size: 0,,0
	2026-03-04T05:04:31.2158024Z,File list generation time: 2.138 seconds,,0
	2026-03-04T05:04:31.2450955Z,File list transfer time: 0.000 seconds,,0
	2026-03-04T05:04:31.2848557Z,Total bytes sent: 75.98K,,0
	2026-03-04T05:04:31.3359948Z,Total bytes received: 401,,0
	2026-03-04T05:04:31.3541665Z,,,0
	2026-03-04T05:04:31.3867775Z,sent 75.98K bytes  received 401 bytes  11.75K bytes/sec,,0
	2026-03-04T05:04:31.4447348Z,total size is 109.30M  speedup is 1&comma;431.10,,0
	2026-03-04T05:04:31.4784982Z,Attempt 1: Rsync for filelist /tmp//splits/split.aa completed with exit code 0,,0
	2026-03-04T05:04:32.3587959Z,,,0
	2026-03-04T05:04:32.4118194Z,Number of files: 111 (reg: 77&comma; dir: 34),,0
	2026-03-04T05:04:32.4908734Z,Number of created files: 0,,0
	2026-03-04T05:04:32.7129166Z,Number of deleted files: 0,,0
	2026-03-04T05:04:32.7846885Z,Number of regular files transferred: 13,,0
	2026-03-04T05:04:32.8523599Z,Total file size: 123.87M bytes,,0
	2026-03-04T05:04:32.9335847Z,Total transferred file size: 1.04M bytes,,0
	2026-03-04T05:04:32.9736609Z,Literal data: 1.04M bytes,,0
	2026-03-04T05:04:33.0328878Z,Matched data: 0 bytes,,0
	2026-03-04T05:04:33.0886342Z,File list size: 0,,0
	2026-03-04T05:04:33.2136595Z,File list generation time: 1.989 seconds,,0
	2026-03-04T05:04:33.3141218Z,File list transfer time: 0.000 seconds,,0
	2026-03-04T05:04:33.4021219Z,Total bytes sent: 374.84K,,0
	2026-03-04T05:04:33.4870468Z,Total bytes received: 554,,0
	2026-03-04T05:04:33.5358998Z,,,0
	2026-03-04T05:04:33.5781395Z,sent 374.84K bytes  received 554 bytes  44.16K bytes/sec,,0
	2026-03-04T05:04:33.6933697Z,total size is 123.87M  speedup is 329.97,,0
	2026-03-04T05:04:33.7875326Z,Attempt 1: Rsync for filelist /tmp//splits/split.ab completed with exit code 0,,0
	2026-03-04T05:04:34.1138201Z,,,0
	2026-03-04T05:04:34.1652397Z,Number of files: 72 (reg: 69&comma; dir: 3),,0
	2026-03-04T05:04:34.2298525Z,Number of created files: 1 (reg: 1),,0
	2026-03-04T05:04:34.2978703Z,Number of deleted files: 0,,0
	2026-03-04T05:04:34.3958538Z,Number of regular files transferred: 34,,0
	2026-03-04T05:04:34.4980470Z,Total file size: 13.62M bytes,,0
	2026-03-04T05:04:34.6498901Z,Total transferred file size: 1.28M bytes,,0
	2026-03-04T05:04:34.8200256Z,Literal data: 1.28M bytes,,0
	2026-03-04T05:04:34.9390119Z,Matched data: 0 bytes,,0
	2026-03-04T05:04:35.0586672Z,File list size: 0,,0
	2026-03-04T05:04:35.2194833Z,File list generation time: 1.409 seconds,,0
	2026-03-04T05:04:35.3929680Z,File list transfer time: 0.000 seconds,,0
	2026-03-04T05:04:35.4528330Z,Total bytes sent: 708.87K,,0
	2026-03-04T05:04:35.5111649Z,Total bytes received: 776,,0
	2026-03-04T05:04:35.6353430Z,,,0
	2026-03-04T05:04:35.6838002Z,sent 708.87K bytes  received 776 bytes  74.70K bytes/sec,,0
	2026-03-04T05:04:35.7522949Z,total size is 13.62M  speedup is 19.19,,0
	2026-03-04T05:04:35.8149714Z,Attempt 1: Rsync for filelist /tmp//splits/split.ah completed with exit code 0,,0
	2026-03-04T05:04:36.9877421Z,,,0
	2026-03-04T05:04:37.0444631Z,Number of files: 85 (reg: 77&comma; dir: 8),,0
	2026-03-04T05:04:37.1780625Z,Number of created files: 0,,0
	2026-03-04T05:04:37.2939687Z,Number of deleted files: 0,,0
	2026-03-04T05:04:37.3631396Z,Number of regular files transferred: 44,,0
	2026-03-04T05:04:37.4136636Z,Total file size: 15.69M bytes,,0
	2026-03-04T05:04:37.8061167Z,Total transferred file size: 1.62M bytes,,0
	2026-03-04T05:04:37.8991856Z,Literal data: 1.62M bytes,,0
	2026-03-04T05:04:38.0351502Z,Matched data: 0 bytes,,0
	2026-03-04T05:04:38.1118408Z,File list size: 0,,0
	2026-03-04T05:04:38.1845445Z,File list generation time: 2.325 seconds,,0
	2026-03-04T05:04:38.3235321Z,File list transfer time: 0.000 seconds,,0
	2026-03-04T05:04:38.5507733Z,Total bytes sent: 1.47M,,0
	2026-03-04T05:04:38.6322010Z,Total bytes received: 969,,0
	2026-03-04T05:04:38.6525507Z,,,0
	2026-03-04T05:04:38.7216209Z,sent 1.47M bytes  received 969 bytes  118.03K bytes/sec,,0
	2026-03-04T05:04:38.8407423Z,total size is 15.69M  speedup is 10.64,,0
	2026-03-04T05:04:38.9609622Z,Attempt 1: Rsync for filelist /tmp//splits/split.ac completed with exit code 0,,0
	2026-03-04T05:04:41.4428805Z,,,0
	2026-03-04T05:04:41.5448577Z,Number of files: 79 (reg: 77&comma; dir: 2),,0
	2026-03-04T05:04:41.6544469Z,Number of created files: 2 (reg: 2),,0
	2026-03-04T05:04:41.7244244Z,Number of deleted files: 0,,0
	2026-03-04T05:04:41.8040709Z,Number of regular files transferred: 76,,0
	2026-03-04T05:04:41.8469368Z,Total file size: 8.33M bytes,,0
	2026-03-04T05:04:42.0180202Z,Total transferred file size: 7.37M bytes,,0
	2026-03-04T05:04:42.1761923Z,Literal data: 7.37M bytes,,0
	2026-03-04T05:04:42.2170393Z,Matched data: 0 bytes,,0
	2026-03-04T05:04:42.2559881Z,File list size: 0,,0
	2026-03-04T05:04:42.3178900Z,File list generation time: 2.002 seconds,,0
	2026-03-04T05:04:42.3851277Z,File list transfer time: 0.000 seconds,,0
	2026-03-04T05:04:42.4250924Z,Total bytes sent: 6.00M,,0
	2026-03-04T05:04:42.4576085Z,Total bytes received: 1.47K,,0
	2026-03-04T05:04:42.5073505Z,,,0
	2026-03-04T05:04:42.5358566Z,sent 6.00M bytes  received 1.47K bytes  387.14K bytes/sec,,0
	2026-03-04T05:04:42.5468827Z,total size is 8.33M  speedup is 1.39,,0
	2026-03-04T05:04:42.5763854Z,Attempt 1: Rsync for filelist /tmp//splits/split.af completed with exit code 0,,0
	2026-03-04T05:04:42.5959487Z,,,0
	2026-03-04T05:04:42.6065444Z,Number of files: 79 (reg: 77&comma; dir: 2),,0
	2026-03-04T05:04:42.6287527Z,Number of created files: 3 (reg: 3),,0
	2026-03-04T05:04:42.6466066Z,Number of deleted files: 0,,0
	2026-03-04T05:04:42.6591415Z,Number of regular files transferred: 74,,0
	2026-03-04T05:04:42.6793945Z,Total file size: 7.95M bytes,,0
	2026-03-04T05:04:42.7192310Z,Total transferred file size: 4.25M bytes,,0
	2026-03-04T05:04:42.7484248Z,Literal data: 4.25M bytes,,0
	2026-03-04T05:04:42.7661062Z,Matched data: 0 bytes,,0
	2026-03-04T05:04:42.7874491Z,File list size: 0,,0
	2026-03-04T05:04:42.8472883Z,File list generation time: 1.762 seconds,,0
	2026-03-04T05:04:42.8883971Z,File list transfer time: 0.000 seconds,,0
	2026-03-04T05:04:42.9157647Z,Total bytes sent: 3.48M,,0
	2026-03-04T05:04:42.9359371Z,Total bytes received: 1.44K,,0
	2026-03-04T05:04:42.9499262Z,,,0
	2026-03-04T05:04:42.9800051Z,sent 3.48M bytes  received 1.44K bytes  224.44K bytes/sec,,0
	2026-03-04T05:04:43.0264903Z,total size is 7.95M  speedup is 2.29,,0
	2026-03-04T05:04:43.0687435Z,Attempt 1: Rsync for filelist /tmp//splits/split.ae completed with exit code 0,,0
	2026-03-04T05:04:43.1588026Z,,,0
	2026-03-04T05:04:43.2111193Z,Number of files: 82 (reg: 77&comma; dir: 5),,0
	2026-03-04T05:04:43.4213706Z,Number of created files: 2 (reg: 2),,0
	2026-03-04T05:04:43.5121279Z,Number of deleted files: 0,,0
	2026-03-04T05:04:43.5535668Z,Number of regular files transferred: 72,,0
	2026-03-04T05:04:43.6668350Z,Total file size: 6.51M bytes,,0
	2026-03-04T05:04:43.7274466Z,Total transferred file size: 5.20M bytes,,0
	2026-03-04T05:04:43.7837205Z,Literal data: 5.20M bytes,,0
	2026-03-04T05:04:43.8250607Z,Matched data: 0 bytes,,0
	2026-03-04T05:04:43.8454776Z,File list size: 0,,0
	2026-03-04T05:04:43.9018449Z,File list generation time: 2.136 seconds,,0
	2026-03-04T05:04:43.9376523Z,File list transfer time: 0.000 seconds,,0
	2026-03-04T05:04:43.9685098Z,Total bytes sent: 3.44M,,0
	2026-03-04T05:04:43.9990892Z,Total bytes received: 1.41K,,0
	2026-03-04T05:04:44.0382126Z,,,0
	2026-03-04T05:04:44.0844290Z,sent 3.44M bytes  received 1.41K bytes  196.67K bytes/sec,,0
	2026-03-04T05:04:44.1159635Z,total size is 6.51M  speedup is 1.89,,0
	2026-03-04T05:04:44.1542826Z,Attempt 1: Rsync for filelist /tmp//splits/split.ad completed with exit code 0,,0
	2026-03-04T05:04:44.1749704Z,,,0
	2026-03-04T05:04:44.1931614Z,Number of files: 79 (reg: 77&comma; dir: 2),,0
	2026-03-04T05:04:44.2118148Z,Number of created files: 1 (reg: 1),,0
	2026-03-04T05:04:44.2382963Z,Number of deleted files: 0,,0
	2026-03-04T05:04:44.2677568Z,Number of regular files transferred: 72,,0
	2026-03-04T05:04:44.2884779Z,Total file size: 6.91M bytes,,0
	2026-03-04T05:04:44.3077572Z,Total transferred file size: 5.18M bytes,,0
	2026-03-04T05:04:44.3292063Z,Literal data: 5.18M bytes,,0
	2026-03-04T05:04:44.3459129Z,Matched data: 0 bytes,,0
	2026-03-04T05:04:44.4247399Z,File list size: 0,,0
	2026-03-04T05:04:44.4525713Z,File list generation time: 2.129 seconds,,0
	2026-03-04T05:04:44.4931500Z,File list transfer time: 0.000 seconds,,0
	2026-03-04T05:04:44.5528447Z,Total bytes sent: 2.72M,,0
	2026-03-04T05:04:44.6552489Z,Total bytes received: 1.41K,,0
	2026-03-04T05:04:44.6737276Z,,,0
	2026-03-04T05:04:44.7022734Z,sent 2.72M bytes  received 1.41K bytes  164.70K bytes/sec,,0
	2026-03-04T05:04:44.7336666Z,total size is 6.91M  speedup is 2.54,,0
	2026-03-04T05:04:44.7537110Z,Attempt 1: Rsync for filelist /tmp//splits/split.ag completed with exit code 0,,0
	2026-03-04T05:04:44.7853429Z,Completed successfully in 19 seconds,,0
2026-03-04T05:04:45.2152680Z,Build completed succesfully.,202af25a-4bd9-4eb2-b6ed-2e71a8e3eafa,0
2026-03-04T05:04:45.5158163Z,Running post deployment command(s)...,151ff321-1a0d-4c7c-9bb6-87b08669855d,0
2026-03-04T05:04:45.7437793Z,Triggering container recycle for OneDeploy by adding/updating restartTrigger.txt to the site root path,55cb5f5c-6a51-459e-8f2b-731970d654e1,0
2026-03-04T05:04:45.9520023Z,Deployment successful. deployer = OneDeploy deploymentPath = OneDeploy,c001bfcb-effa-4804-9550-998c67671d49,0
