2026-03-04T04:49:46.4887325Z,Updating submodules.,2698a067-02c6-4a71-8c73-d25f6623feb6,0
2026-03-04T04:49:48.3691376Z,Preparing deployment for commit id '5cadd7ac-a'.,1a95b9b7-99dd-4000-af68-4090dec784b2,0
2026-03-04T04:49:50.3583849Z,PreDeployment: context.CleanOutputPath False,0b438dba-d2ef-4604-9085-647f7559aea4,0
2026-03-04T04:49:52.6756089Z,PreDeployment: context.OutputPath /home/site/wwwroot,18117ab6-2696-4f2e-a3ca-37d6f28cd0c0,0
2026-03-04T04:49:53.6748805Z,Running build. Project type: OneDeploy,9241159f-6c5a-46c4-9206-83b8e9e481b8,0
2026-03-04T04:49:54.5108827Z,Copying the manifest,da5035aa-3d39-4fc6-a38e-ecff63c74f9e,0
2026-03-04T04:49:55.3267595Z,Running deployment command...,b56fe9f6-3154-4847-9868-e9dc4da33d92,0
	2026-03-04T04:49:55.4030145Z,Command: /opt/Kudu/Scripts/parallel_rsync.sh /tmp/zipdeploy/extracted /home/site/wwwroot 8 /tmp/ False False  ,,0
	2026-03-04T04:49:58.3059712Z,Run rsync from: /tmp/zipdeploy/extracted/ to: /home/site/wwwroot/ in 8 parallel threads,,0
	2026-03-04T04:49:58.6859462Z,Delete options: clean=False&comma; use manifest=False&comma; directory to ignore=,,0
	2026-03-04T04:49:58.8779535Z,Prev manifest = /home/site/deployments/a5eac641-b254-4970-a030-45b1f4eee93c/manifest and next /home/site/deployments/5cadd7ac-a9f4-407f-8b1f-e09bea4c8afd/manifest,,0
	2026-03-04T04:49:59.0749057Z,Cleaning up /tmp//filelist.txt and /tmp//splits,,0
	2026-03-04T04:49:59.4648778Z,Creating a list of all files at /tmp//filelist.txt,,0
	2026-03-04T04:49:59.7305295Z,No directory to exclude.,,0
	2026-03-04T04:50:02.1537210Z,Created /tmp//filelist.txt. Total number of files to be synced = 611.,,0
	2026-03-04T04:50:04.1450523Z,Created batches from the list of files. Processing 77 files in each thread,,0
	2026-03-04T04:50:10.1024012Z,Running rsync for filelist /tmp//splits/split.aa from /tmp/zipdeploy/extracted/ to /home/site/wwwroot/,,0
	2026-03-04T04:50:10.7992197Z,Running rsync for filelist /tmp//splits/split.ac from /tmp/zipdeploy/extracted/ to /home/site/wwwroot/,,0
	2026-03-04T04:50:13.0423509Z,Running rsync for filelist /tmp//splits/split.ae from /tmp/zipdeploy/extracted/ to /home/site/wwwroot/,,0
	2026-03-04T04:50:15.0993580Z,Running rsync for filelist /tmp//splits/split.ad from /tmp/zipdeploy/extracted/ to /home/site/wwwroot/,,0
	2026-03-04T04:50:16.0926086Z,Running rsync for filelist /tmp//splits/split.ab from /tmp/zipdeploy/extracted/ to /home/site/wwwroot/,,0
	2026-03-04T04:50:16.6824680Z,Running rsync for filelist /tmp//splits/split.ag from /tmp/zipdeploy/extracted/ to /home/site/wwwroot/,,0
	2026-03-04T04:50:20.1011522Z,Running rsync for filelist /tmp//splits/split.af from /tmp/zipdeploy/extracted/ to /home/site/wwwroot/,,0
	2026-03-04T04:50:20.8575276Z,Running rsync for filelist /tmp//splits/split.ah from /tmp/zipdeploy/extracted/ to /home/site/wwwroot/,,0
	2026-03-04T04:50:47.2056257Z,,,0
	2026-03-04T04:50:47.3582307Z,Number of files: 107 (reg: 77&comma; dir: 30),,0
	2026-03-04T04:50:47.9159201Z,Number of created files: 0,,0
	2026-03-04T04:50:48.9082491Z,Number of deleted files: 0,,0
	2026-03-04T04:50:49.3300762Z,Number of regular files transferred: 4,,0
	2026-03-04T04:50:49.3997443Z,Total file size: 109.31M bytes,,0
	2026-03-04T04:50:49.6479941Z,Total transferred file size: 1.03M bytes,,0
	2026-03-04T04:50:50.0601666Z,Literal data: 1.03M bytes,,0
	2026-03-04T04:50:51.2069815Z,Matched data: 0 bytes,,0
	2026-03-04T04:50:51.4490750Z,File list size: 0,,0
	2026-03-04T04:50:51.8870950Z,File list generation time: 14.826 seconds,,0
	2026-03-04T04:50:52.0410019Z,File list transfer time: 0.000 seconds,,0
	2026-03-04T04:50:52.2190930Z,Total bytes sent: 76.56K,,0
	2026-03-04T04:50:52.5204553Z,Total bytes received: 401,,0
	2026-03-04T04:50:53.1621072Z,,,0
	2026-03-04T04:50:53.5471633Z,sent 76.56K bytes  received 401 bytes  2.44K bytes/sec,,0
	2026-03-04T04:50:53.8303049Z,total size is 109.31M  speedup is 1&comma;420.27,,0
	2026-03-04T04:50:54.2888503Z,Attempt 1: Rsync for filelist /tmp//splits/split.aa completed with exit code 0,,0
	2026-03-04T04:50:56.7200840Z,,,0
	2026-03-04T04:50:57.5842053Z,Number of files: 108 (reg: 77&comma; dir: 31),,0
	2026-03-04T04:50:57.9678697Z,Number of created files: 0,,0
	2026-03-04T04:50:58.6514012Z,Number of deleted files: 0,,0
	2026-03-04T04:50:58.9054439Z,Number of regular files transferred: 12,,0
	2026-03-04T04:51:00.1305651Z,Total file size: 124.03M bytes,,0
	2026-03-04T04:51:00.7198075Z,Total transferred file size: 1.03M bytes,,0
	2026-03-04T04:51:01.0847591Z,Literal data: 1.03M bytes,,0
	2026-03-04T04:51:01.2525317Z,Matched data: 0 bytes,,0
	2026-03-04T04:51:02.0606322Z,File list size: 0,,0
	2026-03-04T04:51:02.7767016Z,File list generation time: 14.805 seconds,,0
	2026-03-04T04:51:03.4209759Z,File list transfer time: 0.000 seconds,,0
	2026-03-04T04:51:04.1428792Z,Total bytes sent: 359.39K,,0
	2026-03-04T04:51:05.6900794Z,Total bytes received: 529,,0
	2026-03-04T04:51:05.7786232Z,,,0
	2026-03-04T04:51:05.8971030Z,sent 359.39K bytes  received 529 bytes  9.11K bytes/sec,,0
	2026-03-04T04:51:06.2832596Z,total size is 124.03M  speedup is 344.59,,0
	2026-03-04T04:51:06.6150301Z,Attempt 1: Rsync for filelist /tmp//splits/split.ab completed with exit code 0,,0
	2026-03-04T04:51:06.8148593Z,,,0
	2026-03-04T04:51:07.1916015Z,Number of files: 75 (reg: 72&comma; dir: 3),,0
	2026-03-04T04:51:07.2511874Z,Number of created files: 1 (reg: 1),,0
	2026-03-04T04:51:07.3313953Z,Number of deleted files: 0,,0
	2026-03-04T04:51:07.3911764Z,Number of regular files transferred: 35,,0
	2026-03-04T04:51:07.4802688Z,Total file size: 14.42M bytes,,0
	2026-03-04T04:51:07.5103881Z,Total transferred file size: 886.45K bytes,,0
	2026-03-04T04:51:07.5329668Z,Literal data: 886.45K bytes,,0
	2026-03-04T04:51:07.9810596Z,Matched data: 0 bytes,,0
	2026-03-04T04:51:09.8271442Z,File list size: 0,,0
	2026-03-04T04:51:10.1613849Z,File list generation time: 9.482 seconds,,0
	2026-03-04T04:51:10.1912169Z,File list transfer time: 0.000 seconds,,0
	2026-03-04T04:51:10.5811298Z,Total bytes sent: 565.30K,,0
	2026-03-04T04:51:10.8938646Z,Total bytes received: 801,,0
	2026-03-04T04:51:11.0319630Z,,,0
	2026-03-04T04:51:11.1437597Z,sent 565.30K bytes  received 801 bytes  15.10K bytes/sec,,0
	2026-03-04T04:51:11.5322807Z,total size is 14.42M  speedup is 25.48,,0
	2026-03-04T04:51:11.6900068Z,Attempt 1: Rsync for filelist /tmp//splits/split.ah completed with exit code 0,,0
	2026-03-04T04:51:11.8813173Z,,,0
	2026-03-04T04:51:12.0091711Z,Number of files: 86 (reg: 77&comma; dir: 9),,0
	2026-03-04T04:51:12.3460064Z,Number of created files: 0,,0
	2026-03-04T04:51:12.9315836Z,Number of deleted files: 0,,0
	2026-03-04T04:51:14.8091203Z,Number of regular files transferred: 45,,0
	2026-03-04T04:51:15.0156399Z,Total file size: 14.26M bytes,,0
	2026-03-04T04:51:15.1771473Z,Total transferred file size: 1.49M bytes,,0
	2026-03-04T04:51:15.2857208Z,Literal data: 1.49M bytes,,0
	2026-03-04T04:51:15.3737801Z,Matched data: 0 bytes,,0
	2026-03-04T04:51:15.6432297Z,File list size: 0,,0
	2026-03-04T04:51:15.7637242Z,File list generation time: 13.539 seconds,,0
	2026-03-04T04:51:16.1414256Z,File list transfer time: 0.000 seconds,,0
	2026-03-04T04:51:16.7537138Z,Total bytes sent: 1.38M,,0
	2026-03-04T04:51:16.8127823Z,Total bytes received: 988,,0
	2026-03-04T04:51:16.9545306Z,,,0
	2026-03-04T04:51:17.1064464Z,sent 1.38M bytes  received 988 bytes  25.80K bytes/sec,,0
	2026-03-04T04:51:17.2741347Z,total size is 14.26M  speedup is 10.33,,0
	2026-03-04T04:51:17.3249544Z,Attempt 1: Rsync for filelist /tmp//splits/split.ac completed with exit code 0,,0
	2026-03-04T04:51:22.7232751Z,,,0
	2026-03-04T04:51:22.8919829Z,Number of files: 79 (reg: 77&comma; dir: 2),,0
	2026-03-04T04:51:22.9332224Z,Number of created files: 2 (reg: 2),,0
	2026-03-04T04:51:23.0613559Z,Number of deleted files: 0,,0
	2026-03-04T04:51:23.1720765Z,Number of regular files transferred: 74,,0
	2026-03-04T04:51:23.2527349Z,Total file size: 7.83M bytes,,0
	2026-03-04T04:51:23.3025071Z,Total transferred file size: 4.13M bytes,,0
	2026-03-04T04:51:23.3435632Z,Literal data: 4.13M bytes,,0
	2026-03-04T04:51:23.3829504Z,Matched data: 0 bytes,,0
	2026-03-04T04:51:23.4340369Z,File list size: 0,,0
	2026-03-04T04:51:23.6353097Z,File list generation time: 15.467 seconds,,0
	2026-03-04T04:51:23.7122659Z,File list transfer time: 0.000 seconds,,0
	2026-03-04T04:51:23.7847884Z,Total bytes sent: 3.45M,,0
	2026-03-04T04:51:23.8322928Z,Total bytes received: 1.44K,,0
	2026-03-04T04:51:23.9577706Z,,,0
	2026-03-04T04:51:24.2359073Z,sent 3.45M bytes  received 1.44K bytes  52.71K bytes/sec,,0
	2026-03-04T04:51:24.3176535Z,total size is 7.83M  speedup is 2.27,,0
	2026-03-04T04:51:24.8312281Z,Attempt 1: Rsync for filelist /tmp//splits/split.ae completed with exit code 0,,0
	2026-03-04T04:51:25.9862305Z,,,0
	2026-03-04T04:51:26.3166647Z,Number of files: 82 (reg: 77&comma; dir: 5),,0
	2026-03-04T04:51:26.5078352Z,Number of created files: 0,,0
	2026-03-04T04:51:26.6091651Z,Number of deleted files: 0,,0
	2026-03-04T04:51:26.6552184Z,Number of regular files transferred: 70,,0
	2026-03-04T04:51:26.7758513Z,Total file size: 7.95M bytes,,0
	2026-03-04T04:51:26.8203848Z,Total transferred file size: 5.33M bytes,,0
	2026-03-04T04:51:26.8685261Z,Literal data: 5.33M bytes,,0
	2026-03-04T04:51:26.8967886Z,Matched data: 0 bytes,,0
	2026-03-04T04:51:26.9748660Z,File list size: 0,,0
	2026-03-04T04:51:27.1024575Z,File list generation time: 15.230 seconds,,0
	2026-03-04T04:51:27.2263027Z,File list transfer time: 0.000 seconds,,0
	2026-03-04T04:51:28.5776949Z,Total bytes sent: 3.55M,,0
	2026-03-04T04:51:28.7582602Z,Total bytes received: 1.38K,,0
	2026-03-04T04:51:28.9578389Z,,,0
	2026-03-04T04:51:29.0882674Z,sent 3.55M bytes  received 1.38K bytes  53.38K bytes/sec,,0
	2026-03-04T04:51:29.1834738Z,total size is 7.95M  speedup is 2.24,,0
	2026-03-04T04:51:29.2487676Z,Attempt 1: Rsync for filelist /tmp//splits/split.ad completed with exit code 0,,0
	2026-03-04T04:51:29.2760866Z,,,0
	2026-03-04T04:51:29.3363372Z,Number of files: 79 (reg: 77&comma; dir: 2),,0
	2026-03-04T04:51:29.3685731Z,Number of created files: 1 (reg: 1),,0
	2026-03-04T04:51:29.3961181Z,Number of deleted files: 0,,0
	2026-03-04T04:51:29.4127156Z,Number of regular files transferred: 72,,0
	2026-03-04T04:51:29.4328521Z,Total file size: 7.79M bytes,,0
	2026-03-04T04:51:29.4683986Z,Total transferred file size: 6.06M bytes,,0
	2026-03-04T04:51:29.5320765Z,Literal data: 6.06M bytes,,0
	2026-03-04T04:51:29.5518567Z,Matched data: 0 bytes,,0
	2026-03-04T04:51:29.6020686Z,File list size: 0,,0
	2026-03-04T04:51:29.6328524Z,File list generation time: 15.615 seconds,,0
	2026-03-04T04:51:29.7797743Z,File list transfer time: 0.000 seconds,,0
	2026-03-04T04:51:30.2430675Z,Total bytes sent: 3.62M,,0
	2026-03-04T04:51:30.7230967Z,Total bytes received: 1.41K,,0
	2026-03-04T04:51:31.1881187Z,,,0
	2026-03-04T04:51:32.3654914Z,sent 3.62M bytes  received 1.41K bytes  52.83K bytes/sec,,0
	2026-03-04T04:51:32.5551473Z,total size is 7.79M  speedup is 2.15,,0
	2026-03-04T04:51:32.6050655Z,Attempt 1: Rsync for filelist /tmp//splits/split.ag completed with exit code 0,,0
	2026-03-04T04:51:32.6362564Z,,,0
	2026-03-04T04:51:32.8779006Z,Number of files: 79 (reg: 77&comma; dir: 2),,0
	2026-03-04T04:51:32.9803182Z,Number of created files: 2 (reg: 2),,0
	2026-03-04T04:51:33.1709165Z,Number of deleted files: 0,,0
	2026-03-04T04:51:33.3204788Z,Number of regular files transferred: 76,,0
	2026-03-04T04:51:33.5470214Z,Total file size: 7.60M bytes,,0
	2026-03-04T04:51:33.6061332Z,Total transferred file size: 6.64M bytes,,0
	2026-03-04T04:51:33.7019771Z,Literal data: 6.64M bytes,,0
	2026-03-04T04:51:34.0146781Z,Matched data: 0 bytes,,0
	2026-03-04T04:51:34.5479849Z,File list size: 0,,0
	2026-03-04T04:51:34.6168785Z,File list generation time: 10.053 seconds,,0
	2026-03-04T04:51:34.6675296Z,File list transfer time: 0.000 seconds,,0
	2026-03-04T04:51:34.7084418Z,Total bytes sent: 5.14M,,0
	2026-03-04T04:51:34.7440281Z,Total bytes received: 1.47K,,0
	2026-03-04T04:51:34.8042516Z,,,0
	2026-03-04T04:51:34.8469644Z,sent 5.14M bytes  received 1.47K bytes  74.98K bytes/sec,,0
	2026-03-04T04:51:34.9042504Z,total size is 7.60M  speedup is 1.48,,0
	2026-03-04T04:51:34.9243859Z,Attempt 1: Rsync for filelist /tmp//splits/split.af completed with exit code 0,,0
	2026-03-04T04:51:34.9772208Z,Completed successfully in 90 seconds,,0
2026-03-04T04:51:36.2978758Z,Build completed succesfully.,60ce361d-19ec-42ba-8c5e-46d553f29563,0
2026-03-04T04:51:36.7731515Z,Running post deployment command(s)...,3a1f7e23-b362-45f4-a94f-e494507606df,0
2026-03-04T04:51:37.1385598Z,Triggering container recycle for OneDeploy by adding/updating restartTrigger.txt to the site root path,cb3002cb-569a-495a-b3e4-d14374b24791,0
2026-03-04T04:51:37.8306505Z,Deployment successful. deployer = OneDeploy deploymentPath = OneDeploy,5c659c00-534c-4e3c-bb30-43548317d101,0
