2026-03-04T14:00:11.4660848Z,Updating submodules.,10debeba-f87c-4702-8b80-6bf1d3250bf8,0
2026-03-04T14:00:13.7755848Z,Preparing deployment for commit id '060d6a5b-6'.,9ecc4cc2-cd8c-4b02-9b96-f93371817015,0
2026-03-04T14:00:17.2684870Z,PreDeployment: context.CleanOutputPath False,c892e4c8-3245-4b85-ac03-6116bd5bb7d6,0
2026-03-04T14:00:19.8570458Z,PreDeployment: context.OutputPath /home/site/wwwroot,bef179a7-9573-40df-bc0d-10c827820234,0
2026-03-04T14:00:30.5682560Z,Running build. Project type: OneDeploy,47ccf453-bc3d-46c0-9389-a9b528d20e4a,0
2026-03-04T14:00:30.9884993Z,Copying the manifest,1f6f95fa-d503-4072-add1-c132dff9fb6d,0
2026-03-04T14:00:31.3691502Z,Running deployment command...,28af3917-bab9-4f52-b740-7cd125ea4cf3,0
	2026-03-04T14:00:31.3793158Z,Command: /opt/Kudu/Scripts/parallel_rsync.sh /tmp/zipdeploy/extracted /home/site/wwwroot 8 /tmp/ False False  ,,0
	2026-03-04T14:00:32.1466263Z,Run rsync from: /tmp/zipdeploy/extracted/ to: /home/site/wwwroot/ in 8 parallel threads,,0
	2026-03-04T14:00:32.1870758Z,Delete options: clean=False&comma; use manifest=False&comma; directory to ignore=,,0
	2026-03-04T14:00:32.2908888Z,Prev manifest = /home/site/deployments/859cf1ec-ba56-44e5-924f-1465317a6752/manifest and next /home/site/deployments/060d6a5b-6146-4ca5-8cb1-2b022d8898ca/manifest,,0
	2026-03-04T14:00:32.4601607Z,Cleaning up /tmp//filelist.txt and /tmp//splits,,0
	2026-03-04T14:00:32.7540270Z,Creating a list of all files at /tmp//filelist.txt,,0
	2026-03-04T14:00:32.8526789Z,No directory to exclude.,,0
	2026-03-04T14:00:33.1312043Z,Created /tmp//filelist.txt. Total number of files to be synced = 608.,,0
	2026-03-04T14:00:33.3530958Z,Created batches from the list of files. Processing 77 files in each thread,,0
	2026-03-04T14:00:34.1862585Z,Running rsync for filelist /tmp//splits/split.aa from /tmp/zipdeploy/extracted/ to /home/site/wwwroot/,,0
	2026-03-04T14:00:35.0407712Z,Running rsync for filelist /tmp//splits/split.ab from /tmp/zipdeploy/extracted/ to /home/site/wwwroot/,,0
	2026-03-04T14:00:35.7355381Z,Running rsync for filelist /tmp//splits/split.ac from /tmp/zipdeploy/extracted/ to /home/site/wwwroot/,,0
	2026-03-04T14:00:35.8980685Z,Running rsync for filelist /tmp//splits/split.af from /tmp/zipdeploy/extracted/ to /home/site/wwwroot/,,0
	2026-03-04T14:00:35.9771585Z,Running rsync for filelist /tmp//splits/split.ae from /tmp/zipdeploy/extracted/ to /home/site/wwwroot/,,0
	2026-03-04T14:00:36.1703892Z,Running rsync for filelist /tmp//splits/split.ad from /tmp/zipdeploy/extracted/ to /home/site/wwwroot/,,0
	2026-03-04T14:00:36.3386620Z,Running rsync for filelist /tmp//splits/split.ag from /tmp/zipdeploy/extracted/ to /home/site/wwwroot/,,0
	2026-03-04T14:00:37.8306180Z,Running rsync for filelist /tmp//splits/split.ah from /tmp/zipdeploy/extracted/ to /home/site/wwwroot/,,0
	2026-03-04T14:00:44.0518399Z,,,0
	2026-03-04T14:00:44.1069113Z,Number of files: 107 (reg: 77&comma; dir: 30),,0
	2026-03-04T14:00:44.1164609Z,Number of created files: 0,,0
	2026-03-04T14:00:44.1467735Z,Number of deleted files: 0,,0
	2026-03-04T14:00:44.2055536Z,Number of regular files transferred: 4,,0
	2026-03-04T14:00:44.2465310Z,Total file size: 109.30M bytes,,0
	2026-03-04T14:00:44.3034706Z,Total transferred file size: 1.02M bytes,,0
	2026-03-04T14:00:44.3716738Z,Literal data: 1.02M bytes,,0
	2026-03-04T14:00:44.4126020Z,Matched data: 0 bytes,,0
	2026-03-04T14:00:44.4778507Z,File list size: 0,,0
	2026-03-04T14:00:44.5638628Z,File list generation time: 5.969 seconds,,0
	2026-03-04T14:00:44.6898240Z,File list transfer time: 0.000 seconds,,0
	2026-03-04T14:00:44.7587886Z,Total bytes sent: 75.96K,,0
	2026-03-04T14:00:44.7876998Z,Total bytes received: 401,,0
	2026-03-04T14:00:44.8053359Z,,,0
	2026-03-04T14:00:44.8224264Z,sent 75.96K bytes  received 401 bytes  8.98K bytes/sec,,0
	2026-03-04T14:00:44.8673290Z,total size is 109.30M  speedup is 1&comma;431.45,,0
	2026-03-04T14:00:44.9173936Z,Attempt 1: Rsync for filelist /tmp//splits/split.aa completed with exit code 0,,0
	2026-03-04T14:00:46.1078098Z,,,0
	2026-03-04T14:00:46.1908706Z,Number of files: 111 (reg: 77&comma; dir: 34),,0
	2026-03-04T14:00:46.2469912Z,Number of created files: 0,,0
	2026-03-04T14:00:46.3617858Z,Number of deleted files: 0,,0
	2026-03-04T14:00:46.4456397Z,Number of regular files transferred: 13,,0
	2026-03-04T14:00:46.4953278Z,Total file size: 123.87M bytes,,0
	2026-03-04T14:00:46.5219669Z,Total transferred file size: 1.04M bytes,,0
	2026-03-04T14:00:46.5503524Z,Literal data: 1.04M bytes,,0
	2026-03-04T14:00:46.6063658Z,Matched data: 0 bytes,,0
	2026-03-04T14:00:46.6440166Z,File list size: 0,,0
	2026-03-04T14:00:46.8016597Z,File list generation time: 5.244 seconds,,0
	2026-03-04T14:00:46.9017839Z,File list transfer time: 0.000 seconds,,0
	2026-03-04T14:00:47.0445566Z,Total bytes sent: 374.84K,,0
	2026-03-04T14:00:47.1528676Z,Total bytes received: 554,,0
	2026-03-04T14:00:47.2307394Z,,,0
	2026-03-04T14:00:47.2696080Z,sent 374.84K bytes  received 554 bytes  35.75K bytes/sec,,0
	2026-03-04T14:00:47.4188332Z,total size is 123.87M  speedup is 329.97,,0
	2026-03-04T14:00:47.5180817Z,Attempt 1: Rsync for filelist /tmp//splits/split.ab completed with exit code 0,,0
	2026-03-04T14:00:47.6178050Z,,,0
	2026-03-04T14:00:47.6686690Z,Number of files: 72 (reg: 69&comma; dir: 3),,0
	2026-03-04T14:00:47.7495511Z,Number of created files: 0,,0
	2026-03-04T14:00:48.4194820Z,Number of deleted files: 0,,0
	2026-03-04T14:00:48.5635390Z,Number of regular files transferred: 33,,0
	2026-03-04T14:00:48.6990345Z,Total file size: 13.62M bytes,,0
	2026-03-04T14:00:48.9523835Z,Total transferred file size: 808.08K bytes,,0
	2026-03-04T14:00:48.9992149Z,Literal data: 808.08K bytes,,0
	2026-03-04T14:00:49.0694086Z,Matched data: 0 bytes,,0
	2026-03-04T14:00:49.1172234Z,File list size: 0,,0
	2026-03-04T14:00:49.1595474Z,File list generation time: 4.324 seconds,,0
	2026-03-04T14:00:49.2212070Z,File list transfer time: 0.000 seconds,,0
	2026-03-04T14:00:49.3179903Z,Total bytes sent: 526.58K,,0
	2026-03-04T14:00:49.3512504Z,Total bytes received: 760,,0
	2026-03-04T14:00:49.3998892Z,,,0
	2026-03-04T14:00:49.4400104Z,sent 526.58K bytes  received 760 bytes  50.22K bytes/sec,,0
	2026-03-04T14:00:49.4594161Z,total size is 13.62M  speedup is 25.83,,0
	2026-03-04T14:00:49.5023758Z,Attempt 1: Rsync for filelist /tmp//splits/split.ah completed with exit code 0,,0
	2026-03-04T14:00:50.2599391Z,,,0
	2026-03-04T14:00:50.4103672Z,Number of files: 85 (reg: 77&comma; dir: 8),,0
	2026-03-04T14:00:50.6808728Z,Number of created files: 0,,0
	2026-03-04T14:00:50.8433364Z,Number of deleted files: 0,,0
	2026-03-04T14:00:50.9006625Z,Number of regular files transferred: 44,,0
	2026-03-04T14:00:51.0812134Z,Total file size: 15.69M bytes,,0
	2026-03-04T14:00:51.2819175Z,Total transferred file size: 1.62M bytes,,0
	2026-03-04T14:00:51.4839230Z,Literal data: 1.62M bytes,,0
	2026-03-04T14:00:51.5670923Z,Matched data: 0 bytes,,0
	2026-03-04T14:00:51.6939597Z,File list size: 0,,0
	2026-03-04T14:00:51.7597350Z,File list generation time: 4.873 seconds,,0
	2026-03-04T14:00:51.8889434Z,File list transfer time: 0.000 seconds,,0
	2026-03-04T14:00:52.3905880Z,Total bytes sent: 1.47M,,0
	2026-03-04T14:00:52.4927932Z,Total bytes received: 969,,0
	2026-03-04T14:00:52.7884605Z,,,0
	2026-03-04T14:00:52.8306522Z,sent 1.47M bytes  received 969 bytes  101.75K bytes/sec,,0
	2026-03-04T14:00:52.9905198Z,total size is 15.69M  speedup is 10.64,,0
	2026-03-04T14:00:53.1701828Z,Attempt 1: Rsync for filelist /tmp//splits/split.ac completed with exit code 0,,0
	2026-03-04T14:00:56.8784685Z,,,0
	2026-03-04T14:00:56.9585352Z,Number of files: 79 (reg: 77&comma; dir: 2),,0
	2026-03-04T14:00:57.0113618Z,Number of created files: 0,,0
	2026-03-04T14:00:57.0655699Z,Number of deleted files: 0,,0
	2026-03-04T14:00:57.1335875Z,Number of regular files transferred: 74,,0
	2026-03-04T14:00:57.1926151Z,Total file size: 7.83M bytes,,0
	2026-03-04T14:00:57.2791045Z,Total transferred file size: 4.13M bytes,,0
	2026-03-04T14:00:57.3486053Z,Literal data: 4.13M bytes,,0
	2026-03-04T14:00:57.4831103Z,Matched data: 0 bytes,,0
	2026-03-04T14:00:57.5861748Z,File list size: 0,,0
	2026-03-04T14:00:57.8128840Z,File list generation time: 5.526 seconds,,0
	2026-03-04T14:00:57.9128233Z,File list transfer time: 0.000 seconds,,0
	2026-03-04T14:00:57.9544409Z,Total bytes sent: 3.41M,,0
	2026-03-04T14:00:58.0109418Z,Total bytes received: 1.44K,,0
	2026-03-04T14:00:58.0615814Z,,,0
	2026-03-04T14:00:58.1291089Z,sent 3.41M bytes  received 1.44K bytes  166.46K bytes/sec,,0
	2026-03-04T14:00:58.1584401Z,total size is 7.83M  speedup is 2.29,,0
	2026-03-04T14:00:58.2399821Z,Attempt 1: Rsync for filelist /tmp//splits/split.ae completed with exit code 0,,0
	2026-03-04T14:00:58.2578839Z,,,0
	2026-03-04T14:00:58.3077128Z,Number of files: 79 (reg: 77&comma; dir: 2),,0
	2026-03-04T14:00:58.3380171Z,Number of created files: 2 (reg: 2),,0
	2026-03-04T14:00:58.3603698Z,Number of deleted files: 0,,0
	2026-03-04T14:00:58.3986577Z,Number of regular files transferred: 72,,0
	2026-03-04T14:00:58.4282586Z,Total file size: 6.94M bytes,,0
	2026-03-04T14:00:58.4474604Z,Total transferred file size: 5.21M bytes,,0
	2026-03-04T14:00:58.5359528Z,Literal data: 5.21M bytes,,0
	2026-03-04T14:00:58.5474002Z,Matched data: 0 bytes,,0
	2026-03-04T14:00:58.5588646Z,File list size: 0,,0
	2026-03-04T14:00:58.6264450Z,File list generation time: 4.747 seconds,,0
	2026-03-04T14:00:58.6584056Z,File list transfer time: 0.000 seconds,,0
	2026-03-04T14:00:58.6859739Z,Total bytes sent: 2.75M,,0
	2026-03-04T14:00:58.7088750Z,Total bytes received: 1.41K,,0
	2026-03-04T14:00:58.7453701Z,,,0
	2026-03-04T14:00:58.7588276Z,sent 2.75M bytes  received 1.41K bytes  127.90K bytes/sec,,0
	2026-03-04T14:00:58.8379402Z,total size is 6.94M  speedup is 2.52,,0
	2026-03-04T14:00:59.0404696Z,Attempt 1: Rsync for filelist /tmp//splits/split.ag completed with exit code 0,,0
	2026-03-04T14:00:59.0884125Z,,,0
	2026-03-04T14:00:59.1189150Z,Number of files: 82 (reg: 77&comma; dir: 5),,0
	2026-03-04T14:00:59.1265848Z,Number of created files: 2 (reg: 2),,0
	2026-03-04T14:00:59.1312233Z,Number of deleted files: 0,,0
	2026-03-04T14:00:59.1393828Z,Number of regular files transferred: 72,,0
	2026-03-04T14:00:59.1480049Z,Total file size: 6.56M bytes,,0
	2026-03-04T14:00:59.1573608Z,Total transferred file size: 5.25M bytes,,0
	2026-03-04T14:00:59.1757574Z,Literal data: 5.25M bytes,,0
	2026-03-04T14:00:59.2064313Z,Matched data: 0 bytes,,0
	2026-03-04T14:00:59.2141060Z,File list size: 0,,0
	2026-03-04T14:00:59.2204534Z,File list generation time: 3.848 seconds,,0
	2026-03-04T14:00:59.2251058Z,File list transfer time: 0.000 seconds,,0
	2026-03-04T14:00:59.2319948Z,Total bytes sent: 3.48M,,0
	2026-03-04T14:00:59.2407136Z,Total bytes received: 1.41K,,0
	2026-03-04T14:00:59.2494701Z,,,0
	2026-03-04T14:00:59.2538400Z,sent 3.48M bytes  received 1.41K bytes  161.70K bytes/sec,,0
	2026-03-04T14:00:59.2599358Z,total size is 6.56M  speedup is 1.89,,0
	2026-03-04T14:00:59.2859159Z,Attempt 1: Rsync for filelist /tmp//splits/split.ad completed with exit code 0,,0
	2026-03-04T14:00:59.2953013Z,,,0
	2026-03-04T14:00:59.3004161Z,Number of files: 79 (reg: 77&comma; dir: 2),,0
	2026-03-04T14:00:59.3153132Z,Number of created files: 2 (reg: 2),,0
	2026-03-04T14:00:59.3549772Z,Number of deleted files: 0,,0
	2026-03-04T14:00:59.3951293Z,Number of regular files transferred: 76,,0
	2026-03-04T14:00:59.4253251Z,Total file size: 8.37M bytes,,0
	2026-03-04T14:00:59.4352125Z,Total transferred file size: 7.42M bytes,,0
	2026-03-04T14:00:59.4894075Z,Literal data: 7.42M bytes,,0
	2026-03-04T14:00:59.5374564Z,Matched data: 0 bytes,,0
	2026-03-04T14:00:59.5887680Z,File list size: 0,,0
	2026-03-04T14:00:59.6089649Z,File list generation time: 5.689 seconds,,0
	2026-03-04T14:00:59.6241368Z,File list transfer time: 0.000 seconds,,0
	2026-03-04T14:00:59.6301700Z,Total bytes sent: 6.00M,,0
	2026-03-04T14:00:59.6740402Z,Total bytes received: 1.47K,,0
	2026-03-04T14:00:59.6943436Z,,,0
	2026-03-04T14:00:59.7376053Z,sent 6.00M bytes  received 1.47K bytes  255.29K bytes/sec,,0
	2026-03-04T14:00:59.7491388Z,total size is 8.37M  speedup is 1.40,,0
	2026-03-04T14:00:59.7760056Z,Attempt 1: Rsync for filelist /tmp//splits/split.af completed with exit code 0,,0
	2026-03-04T14:00:59.7973872Z,Completed successfully in 26 seconds,,0
2026-03-04T14:00:59.9105099Z,Build completed succesfully.,ba38bf40-c3c5-4507-91ff-119025f18f7f,0
2026-03-04T14:01:00.0364436Z,Running post deployment command(s)...,1d59d20e-fa0a-4e61-ae95-f0f24c8e0d2f,0
2026-03-04T14:01:00.1773439Z,Triggering container recycle for OneDeploy by adding/updating restartTrigger.txt to the site root path,35f8a11a-1d42-4c65-acc7-69d557758a9f,0
2026-03-04T14:01:00.4354460Z,Deployment successful. deployer = OneDeploy deploymentPath = OneDeploy,f127fe0d-0a29-43a5-ac76-cea61cff1e9c,0
