2026-03-04T14:29:35.0555395Z    _____                               
2026-03-04T14:29:35.0566513Z   /  _  \ __________ _________   ____  
2026-03-04T14:29:35.0566695Z  /  /_\  \\___   /  |  \_  __ \_/ __ \ 
2026-03-04T14:29:35.0566742Z /    |    \/    /|  |  /|  | \/\  ___/ 
2026-03-04T14:29:35.0566782Z \____|__  /_____ \____/ |__|    \___  >
2026-03-04T14:29:35.0566831Z         \/      \/                  \/ 
2026-03-04T14:29:35.0566874Z A P P   S E R V I C E   O N   L I N U X
2026-03-04T14:29:35.0566943Z 
2026-03-04T14:29:35.0566987Z Documentation       : http://aka.ms/webapp-linux
2026-03-04T14:29:35.0567030Z Dotnet quickstart   : https://aka.ms/dotnet-qs
2026-03-04T14:29:35.0567070Z ASP .NETCore Version: 10.0.2
2026-03-04T14:29:35.0567108Z Instance Name       : lw1sdlwk000AKC
2026-03-04T14:29:35.0567153Z Instance Id         : 14081d20018b15b1623fc720b48f16fa62465e5170c988d77c1ce70393fc7d40
2026-03-04T14:29:35.0635636Z 
2026-03-04T14:29:35.0635928Z Note: Any data outside '/home' is not persisted
2026-03-04T14:31:13.9647325Z  * Starting OpenBSD Secure Shell server sshd
2026-03-04T14:31:14.1861364Z    ...done.
2026-03-04T14:31:14.3469304Z WEBSITES_INCLUDE_CLOUD_CERTS is not set to true.
2026-03-04T14:31:14.6383542Z Updating certificates in /etc/ssl/certs...
2026-03-04T14:41:23.2085581Z    _____                               
2026-03-04T14:41:23.2088190Z   /  _  \ __________ _________   ____  
2026-03-04T14:41:23.2088309Z  /  /_\  \\___   /  |  \_  __ \_/ __ \ 
2026-03-04T14:41:23.2088441Z /    |    \/    /|  |  /|  | \/\  ___/ 
2026-03-04T14:41:23.2088510Z \____|__  /_____ \____/ |__|    \___  >
2026-03-04T14:41:23.2088586Z         \/      \/                  \/ 
2026-03-04T14:41:23.2088653Z A P P   S E R V I C E   O N   L I N U X
2026-03-04T14:41:23.2088715Z 
2026-03-04T14:41:23.2088789Z Documentation       : http://aka.ms/webapp-linux
2026-03-04T14:41:23.2088889Z Dotnet quickstart   : https://aka.ms/dotnet-qs
2026-03-04T14:41:23.2088959Z ASP .NETCore Version: 10.0.2
2026-03-04T14:41:23.2089025Z Instance Name       : lw1sdlwk000AKC
2026-03-04T14:41:23.2089098Z Instance Id         : 14081d20018b15b1623fc720b48f16fa62465e5170c988d77c1ce70393fc7d40
2026-03-04T14:41:23.2089162Z 
2026-03-04T14:41:23.2089228Z Note: Any data outside '/home' is not persisted
2026-03-04T14:41:42.3878672Z  * Starting OpenBSD Secure Shell server sshd
2026-03-04T14:41:42.7463892Z    ...done.
2026-03-04T14:41:43.2093744Z WEBSITES_INCLUDE_CLOUD_CERTS is not set to true.
2026-03-04T14:41:43.7516302Z Updating certificates in /etc/ssl/certs...
2026-03-04T14:44:43.6629038Z rehash: warning: skipping duplicate certificate in SSLcom-TLS-Root-2022-ECC.pem
2026-03-04T14:44:43.6764344Z rehash: warning: skipping duplicate certificate in SSLcom-TLS-Root-2022-RSA.pem
2026-03-04T14:44:44.8829795Z rehash: warning: skipping ca-certificates.crt,it does not contain exactly one certificate or CRL
2026-03-04T14:44:45.1218760Z 4 added, 0 removed; done.
2026-03-04T14:44:45.1230977Z Running hooks in /etc/ca-certificates/update.d...
2026-03-04T14:44:45.1711272Z done.
2026-03-04T14:44:45.3423153Z CA certificates copied and updated successfully.
2026-03-04T14:44:46.6999938Z  * Starting periodic command scheduler cron
2026-03-04T14:44:47.1318140Z    ...done.
2026-03-04T14:44:47.1518426Z Running oryx create-script -appPath /home/site/wwwroot -output /opt/startup/startup.sh -defaultAppFilePath /defaulthome/hostingstart/hostingstart.dll     -bindPort 8080 -bindPort2 '' -userStartupCommand 'dotnet PoMiniApps.Web.dll' 
2026-03-04T14:44:48.1204073Z Could not find build manifest file at '/home/site/wwwroot/oryx-manifest.toml'
2026-03-04T14:44:48.1204529Z Could not find operation ID in manifest. Generating an operation id...
2026-03-04T14:44:48.1389962Z Build Operation ID: 1cdff02e-9c47-4c10-8551-558b78b7723e
2026-03-04T14:44:51.7721362Z 
2026-03-04T14:44:51.9019906Z Agent extension 
2026-03-04T14:44:51.9020480Z Before if loop >> DotNet Runtime 
2026-03-04T14:44:51.9020585Z DotNet Runtime 10.0Writing output script to '/opt/startup/startup.sh'
2026-03-04T14:44:52.5267544Z Running user provided startup command...
2026-03-04T14:45:11.1829002Z [14:45:08 INF] Starting PoMiniApps application
2026-03-04T14:49:21.9639463Z    _____                               
2026-03-04T14:49:21.9639823Z   /  _  \ __________ _________   ____  
2026-03-04T14:49:21.9639859Z  /  /_\  \\___   /  |  \_  __ \_/ __ \ 
2026-03-04T14:49:21.9639890Z /    |    \/    /|  |  /|  | \/\  ___/ 
2026-03-04T14:49:21.9639921Z \____|__  /_____ \____/ |__|    \___  >
2026-03-04T14:49:21.9639949Z         \/      \/                  \/ 
2026-03-04T14:49:21.9639977Z A P P   S E R V I C E   O N   L I N U X
2026-03-04T14:49:21.9640004Z 
2026-03-04T14:49:21.9640034Z Documentation       : http://aka.ms/webapp-linux
2026-03-04T14:49:21.9640064Z Dotnet quickstart   : https://aka.ms/dotnet-qs
2026-03-04T14:49:21.9640093Z ASP .NETCore Version: 10.0.2
2026-03-04T14:49:21.9640142Z Instance Name       : lw1sdlwk000AKC
2026-03-04T14:49:21.9640178Z Instance Id         : 14081d20018b15b1623fc720b48f16fa62465e5170c988d77c1ce70393fc7d40
2026-03-04T14:49:21.9640204Z 
2026-03-04T14:49:21.9640234Z Note: Any data outside '/home' is not persisted
2026-03-04T14:49:32.2818567Z  * Starting OpenBSD Secure Shell server sshd
2026-03-04T14:49:32.3727906Z    ...done.
2026-03-04T14:49:32.4132192Z WEBSITES_INCLUDE_CLOUD_CERTS is not set to true.
2026-03-04T14:49:32.7297528Z Updating certificates in /etc/ssl/certs...
2026-03-04T14:51:24.5274715Z rehash: warning: skipping duplicate certificate in SSLcom-TLS-Root-2022-ECC.pem
2026-03-04T14:51:24.5799109Z rehash: warning: skipping duplicate certificate in SSLcom-TLS-Root-2022-RSA.pem
2026-03-04T14:51:27.0276971Z rehash: warning: skipping ca-certificates.crt,it does not contain exactly one certificate or CRL
2026-03-04T14:51:27.1782539Z 4 added, 0 removed; done.
2026-03-04T14:51:27.1869376Z Running hooks in /etc/ca-certificates/update.d...
2026-03-04T14:51:27.2484069Z done.
2026-03-04T14:51:27.3478523Z CA certificates copied and updated successfully.
2026-03-04T14:51:27.9882481Z  * Starting periodic command scheduler cron
2026-03-04T14:51:28.0294904Z    ...done.
2026-03-04T14:51:28.1053329Z Running oryx create-script -appPath /home/site/wwwroot -output /opt/startup/startup.sh -defaultAppFilePath /defaulthome/hostingstart/hostingstart.dll     -bindPort 8080 -bindPort2 '' -userStartupCommand 'dotnet PoMiniApps.Web.dll' 
2026-03-04T14:51:28.6991402Z Could not find build manifest file at '/home/site/wwwroot/oryx-manifest.toml'
2026-03-04T14:51:28.7030387Z Could not find operation ID in manifest. Generating an operation id...
2026-03-04T14:51:28.7217030Z Build Operation ID: c7b8a070-7755-4f0f-9013-0804259a6def
2026-03-04T14:51:29.3212313Z 
2026-03-04T14:51:29.3320233Z Agent extension 
2026-03-04T14:51:29.3320524Z Before if loop >> DotNet Runtime 
2026-03-04T14:51:29.3581343Z DotNet Runtime 10.0Writing output script to '/opt/startup/startup.sh'
2026-03-04T14:51:29.4908075Z Running user provided startup command...
2026-03-04T14:51:33.2132077Z [14:51:32 INF] Starting PoMiniApps application
2026-03-04T14:52:13.8728022Z [WARN] Key Vault 'kv-poshared' not accessible: The user, group or application 'appid=4008b3ed-6be8-44f0-ad06-16380de8573f;oid=70ecea1b-b7d7-45c4-bfbd-dc1389a22e86;iss=https://sts.windows.net/1639b208-d5bf-4d71-9096-06163884a5e4/' does not have secrets list permission on key vault 'kv-poshared;location=eastus'. For help resolving this issue, please see https://go.microsoft.com/fwlink/?linkid=2125287
2026-03-04T14:52:13.8728428Z Status: 403 (Forbidden)
2026-03-04T14:52:13.8728571Z ErrorCode: Forbidden
2026-03-04T14:52:13.8728602Z 
2026-03-04T14:52:13.8728632Z Content:
2026-03-04T14:52:13.8744569Z {"error":{"code":"Forbidden","message":"The user, group or application 'appid=4008b3ed-6be8-44f0-ad06-16380de8573f;oid=70ecea1b-b7d7-45c4-bfbd-dc1389a22e86;iss=https://sts.windows.net/1639b208-d5bf-4d71-9096-06163884a5e4/' does not have secrets list permission on key vault 'kv-poshared;location=eastus'. For help resolving this issue, please see https://go.microsoft.com/fwlink/?linkid=2125287","innererror":{"code":"AccessDenied"}}}
2026-03-04T14:52:13.8744774Z 
2026-03-04T14:52:13.8744807Z Headers:
2026-03-04T14:52:13.8744869Z Cache-Control: no-cache
2026-03-04T14:52:13.8744899Z Pragma: no-cache
2026-03-04T14:52:13.8744928Z x-ms-keyvault-region: eastus
2026-03-04T14:52:13.8924308Z x-ms-client-request-id: e23bb0ae-c168-464a-8b00-24dacea0ddba
2026-03-04T14:52:13.8924623Z x-ms-request-id: 60fb283c-eff7-4eb3-9757-21e56afb5bf9
2026-03-04T14:52:13.8924661Z x-ms-keyvault-service-version: 1.9.3070.1
2026-03-04T14:52:13.8924790Z x-ms-keyvault-network-info: conn_type=Ipv4;addr=40.64.96.235;act_addr_fam=InterNetwork;
2026-03-04T14:52:13.8924821Z X-Content-Type-Options: REDACTED
2026-03-04T14:52:13.9326879Z Strict-Transport-Security: REDACTED
2026-03-04T14:52:13.9327154Z Date: Wed, 04 Mar 2026 14:52:11 GMT
2026-03-04T14:52:13.9327254Z Content-Type: application/json; charset=utf-8
2026-03-04T14:52:13.9327312Z Expires: -1
2026-03-04T14:52:13.9327340Z Content-Length: 434
2026-03-04T14:52:13.9327366Z 
2026-03-04T14:53:06.3188406Z [14:53:05 INF] Retrieved 10 rappers from Table Storage {"SourceContext": "PoMiniApps.Web.Services.Data.RapperRepository", "Application": "PoMiniApps", "Environment": "Production"}
2026-03-04T14:53:09.1673453Z [14:53:08 INF] Rappers already exist. Skipping seeding. {"SourceContext": "PoMiniApps.Web.Services.Data.RapperRepository", "Application": "PoMiniApps", "Environment": "Production"}
2026-03-04T14:53:09.2574730Z [14:53:09 INF] Data seeding completed successfully {"Application": "PoMiniApps", "Environment": "Production"}
2026-03-04T16:08:30.6461284Z    _____                               
2026-03-04T16:08:30.6779258Z   /  _  \ __________ _________   ____  
2026-03-04T16:08:30.6779424Z  /  /_\  \\___   /  |  \_  __ \_/ __ \ 
2026-03-04T16:08:30.6779534Z /    |    \/    /|  |  /|  | \/\  ___/ 
2026-03-04T16:08:30.6779587Z \____|__  /_____ \____/ |__|    \___  >
2026-03-04T16:08:30.6779638Z         \/      \/                  \/ 
2026-03-04T16:08:30.6779688Z A P P   S E R V I C E   O N   L I N U X
2026-03-04T16:08:30.6779736Z 
2026-03-04T16:08:30.6779789Z Documentation       : http://aka.ms/webapp-linux
2026-03-04T16:08:30.6779842Z Dotnet quickstart   : https://aka.ms/dotnet-qs
2026-03-04T16:08:30.6779893Z ASP .NETCore Version: 10.0.2
2026-03-04T16:08:30.6779947Z Instance Name       : lw1sdlwk000AKC
2026-03-04T16:08:30.6780020Z Instance Id         : 14081d20018b15b1623fc720b48f16fa62465e5170c988d77c1ce70393fc7d40
2026-03-04T16:08:30.6780066Z 
2026-03-04T16:08:30.6780143Z Note: Any data outside '/home' is not persisted
2026-03-04T16:09:11.2934931Z  * Starting OpenBSD Secure Shell server sshd
2026-03-04T16:09:11.3881827Z    ...done.
2026-03-04T16:09:11.4569250Z WEBSITES_INCLUDE_CLOUD_CERTS is not set to true.
2026-03-04T16:09:11.7864030Z Updating certificates in /etc/ssl/certs...
2026-03-04T16:11:16.3444221Z rehash: warning: skipping duplicate certificate in SSLcom-TLS-Root-2022-ECC.pem
2026-03-04T16:11:16.3507940Z rehash: warning: skipping duplicate certificate in SSLcom-TLS-Root-2022-RSA.pem
2026-03-04T16:11:18.1467806Z rehash: warning: skipping ca-certificates.crt,it does not contain exactly one certificate or CRL
2026-03-04T16:11:18.4857527Z 4 added, 0 removed; done.
2026-03-04T16:11:18.4857929Z Running hooks in /etc/ca-certificates/update.d...
2026-03-04T16:11:18.5030113Z done.
2026-03-04T16:11:18.5535516Z CA certificates copied and updated successfully.
2026-03-04T16:11:19.0466220Z  * Starting periodic command scheduler cron
2026-03-04T16:11:19.3693685Z    ...done.
2026-03-04T16:11:19.3796119Z Running oryx create-script -appPath /home/site/wwwroot -output /opt/startup/startup.sh -defaultAppFilePath /defaulthome/hostingstart/hostingstart.dll     -bindPort 8080 -bindPort2 '' -userStartupCommand 'dotnet PoMiniApps.Web.dll' 
2026-03-04T16:11:20.0962917Z Could not find build manifest file at '/home/site/wwwroot/oryx-manifest.toml'
2026-03-04T16:11:20.0966778Z Could not find operation ID in manifest. Generating an operation id...
2026-03-04T16:11:20.1055338Z Build Operation ID: d4633007-3b2f-4be0-8389-a8a3c54e0676
2026-03-04T16:11:21.5761031Z 
2026-03-04T16:11:21.5960330Z Agent extension 
2026-03-04T16:11:21.5960708Z Before if loop >> DotNet Runtime 
2026-03-04T16:11:21.6217048Z DotNet Runtime 10.0Writing output script to '/opt/startup/startup.sh'
2026-03-04T16:11:21.9008153Z Running user provided startup command...
2026-03-04T16:11:29.0789956Z [16:11:27 INF] Starting PoMiniApps application
2026-03-04T16:16:21.6164672Z    _____                               
2026-03-04T16:16:21.6165091Z   /  _  \ __________ _________   ____  
2026-03-04T16:16:21.6165154Z  /  /_\  \\___   /  |  \_  __ \_/ __ \ 
2026-03-04T16:16:21.6165206Z /    |    \/    /|  |  /|  | \/\  ___/ 
2026-03-04T16:16:21.6165258Z \____|__  /_____ \____/ |__|    \___  >
2026-03-04T16:16:21.6165312Z         \/      \/                  \/ 
2026-03-04T16:16:21.6165364Z A P P   S E R V I C E   O N   L I N U X
2026-03-04T16:16:21.6165415Z 
2026-03-04T16:16:21.6165469Z Documentation       : http://aka.ms/webapp-linux
2026-03-04T16:16:21.6165521Z Dotnet quickstart   : https://aka.ms/dotnet-qs
2026-03-04T16:16:21.6165573Z ASP .NETCore Version: 10.0.2
2026-03-04T16:16:21.6165651Z Instance Name       : lw1sdlwk000AKC
2026-03-04T16:16:21.6165712Z Instance Id         : 14081d20018b15b1623fc720b48f16fa62465e5170c988d77c1ce70393fc7d40
2026-03-04T16:16:21.6165759Z 
2026-03-04T16:16:21.6165812Z Note: Any data outside '/home' is not persisted
2026-03-04T16:16:26.8337078Z  * Starting OpenBSD Secure Shell server sshd
2026-03-04T16:16:26.9938507Z    ...done.
2026-03-04T16:16:27.0423872Z WEBSITES_INCLUDE_CLOUD_CERTS is not set to true.
2026-03-04T16:16:27.2447317Z Updating certificates in /etc/ssl/certs...
2026-03-04T16:18:51.5793599Z rehash: warning: skipping duplicate certificate in SSLcom-TLS-Root-2022-ECC.pem
2026-03-04T16:18:51.6468131Z rehash: warning: skipping duplicate certificate in SSLcom-TLS-Root-2022-RSA.pem
2026-03-04T16:18:53.9682200Z rehash: warning: skipping ca-certificates.crt,it does not contain exactly one certificate or CRL
2026-03-04T16:18:54.5042481Z 4 added, 0 removed; done.
2026-03-04T16:18:54.5920845Z Running hooks in /etc/ca-certificates/update.d...
2026-03-04T16:18:54.6587973Z done.
2026-03-04T16:18:54.7075067Z CA certificates copied and updated successfully.
2026-03-04T16:18:56.0649536Z  * Starting periodic command scheduler cron
2026-03-04T16:18:56.3348155Z    ...done.
2026-03-04T16:18:56.3351950Z Running oryx create-script -appPath /home/site/wwwroot -output /opt/startup/startup.sh -defaultAppFilePath /defaulthome/hostingstart/hostingstart.dll     -bindPort 8080 -bindPort2 '' -userStartupCommand 'dotnet PoMiniApps.Web.dll' 
2026-03-04T16:18:58.3157749Z Could not find build manifest file at '/home/site/wwwroot/oryx-manifest.toml'
2026-03-04T16:18:58.3158259Z Could not find operation ID in manifest. Generating an operation id...
2026-03-04T16:18:58.3158327Z Build Operation ID: f2f62379-2c35-45f3-98c4-42c1febf73d9
2026-03-04T16:19:01.1508703Z 
2026-03-04T16:19:01.1526472Z Agent extension 
2026-03-04T16:19:01.1542403Z Before if loop >> DotNet Runtime 
2026-03-04T16:19:01.2323453Z DotNet Runtime 10.0Writing output script to '/opt/startup/startup.sh'
2026-03-04T16:19:01.4759400Z Running user provided startup command...
2026-03-04T16:19:05.0074954Z [16:19:04 INF] Starting PoMiniApps application
2026-03-04T16:19:45.3748979Z [WARN] Key Vault 'kv-poshared' not accessible: The user, group or application 'appid=4008b3ed-6be8-44f0-ad06-16380de8573f;oid=70ecea1b-b7d7-45c4-bfbd-dc1389a22e86;iss=https://sts.windows.net/1639b208-d5bf-4d71-9096-06163884a5e4/' does not have secrets list permission on key vault 'kv-poshared;location=eastus'. For help resolving this issue, please see https://go.microsoft.com/fwlink/?linkid=2125287
2026-03-04T16:19:45.3749753Z Status: 403 (Forbidden)
2026-03-04T16:19:45.3749816Z ErrorCode: Forbidden
2026-03-04T16:19:45.3749866Z 
2026-03-04T16:19:45.3749917Z Content:
2026-03-04T16:19:45.3750009Z {"error":{"code":"Forbidden","message":"The user, group or application 'appid=4008b3ed-6be8-44f0-ad06-16380de8573f;oid=70ecea1b-b7d7-45c4-bfbd-dc1389a22e86;iss=https://sts.windows.net/1639b208-d5bf-4d71-9096-06163884a5e4/' does not have secrets list permission on key vault 'kv-poshared;location=eastus'. For help resolving this issue, please see https://go.microsoft.com/fwlink/?linkid=2125287","innererror":{"code":"AccessDenied"}}}
2026-03-04T16:19:45.3750054Z 
2026-03-04T16:19:45.3750101Z Headers:
2026-03-04T16:19:45.3750151Z Cache-Control: no-cache
2026-03-04T16:19:45.3750270Z Pragma: no-cache
2026-03-04T16:19:45.3752526Z x-ms-keyvault-region: eastus
2026-03-04T16:19:45.3752598Z x-ms-client-request-id: ca7fbd88-d7e9-45f0-a026-424b4e5bb8f6
2026-03-04T16:19:45.3752655Z x-ms-request-id: 97c03036-cc4f-4f4c-a6aa-2800eefad603
2026-03-04T16:19:45.3752707Z x-ms-keyvault-service-version: 1.9.3070.1
2026-03-04T16:19:45.3752764Z x-ms-keyvault-network-info: conn_type=Ipv4;addr=40.64.96.235;act_addr_fam=InterNetwork;
2026-03-04T16:19:45.3752814Z X-Content-Type-Options: REDACTED
2026-03-04T16:19:45.3752865Z Strict-Transport-Security: REDACTED
2026-03-04T16:19:45.3752937Z Date: Wed, 04 Mar 2026 16:19:41 GMT
2026-03-04T16:19:45.3752991Z Content-Type: application/json; charset=utf-8
2026-03-04T16:19:45.3753065Z Expires: -1
2026-03-04T16:19:45.3753116Z Content-Length: 434
2026-03-04T16:19:45.3753162Z 
2026-03-04T16:23:49.5482601Z    _____                               
2026-03-04T16:23:49.5484995Z   /  _  \ __________ _________   ____  
2026-03-04T16:23:49.5485114Z  /  /_\  \\___   /  |  \_  __ \_/ __ \ 
2026-03-04T16:23:49.5485186Z /    |    \/    /|  |  /|  | \/\  ___/ 
2026-03-04T16:23:49.5485254Z \____|__  /_____ \____/ |__|    \___  >
2026-03-04T16:23:49.5485333Z         \/      \/                  \/ 
2026-03-04T16:23:49.5485434Z A P P   S E R V I C E   O N   L I N U X
2026-03-04T16:23:49.5485498Z 
2026-03-04T16:23:49.5485574Z Documentation       : http://aka.ms/webapp-linux
2026-03-04T16:23:49.5485648Z Dotnet quickstart   : https://aka.ms/dotnet-qs
2026-03-04T16:23:49.5485715Z ASP .NETCore Version: 10.0.2
2026-03-04T16:23:49.5485782Z Instance Name       : lw1sdlwk000AKC
2026-03-04T16:23:49.5485876Z Instance Id         : 14081d20018b15b1623fc720b48f16fa62465e5170c988d77c1ce70393fc7d40
2026-03-04T16:23:49.5485941Z 
2026-03-04T16:23:49.5486008Z Note: Any data outside '/home' is not persisted
2026-03-04T16:24:33.6806941Z  * Starting OpenBSD Secure Shell server sshd
2026-03-04T16:24:34.1861068Z    ...done.
2026-03-04T16:24:34.3276112Z WEBSITES_INCLUDE_CLOUD_CERTS is not set to true.
2026-03-04T16:24:35.0848134Z Updating certificates in /etc/ssl/certs...
2026-03-04T16:27:06.8306777Z rehash: warning: skipping duplicate certificate in SSLcom-TLS-Root-2022-ECC.pem
2026-03-04T16:27:06.8308217Z rehash: warning: skipping duplicate certificate in SSLcom-TLS-Root-2022-RSA.pem
2026-03-04T16:27:07.8222495Z rehash: warning: skipping ca-certificates.crt,it does not contain exactly one certificate or CRL
2026-03-04T16:27:08.0205564Z 4 added, 0 removed; done.
2026-03-04T16:27:08.0481914Z Running hooks in /etc/ca-certificates/update.d...
2026-03-04T16:27:08.0767434Z done.
2026-03-04T16:27:08.2086756Z CA certificates copied and updated successfully.
2026-03-04T16:27:08.5469561Z  * Starting periodic command scheduler cron
2026-03-04T16:27:08.6343815Z    ...done.
2026-03-04T16:27:08.6625196Z Running oryx create-script -appPath /home/site/wwwroot -output /opt/startup/startup.sh -defaultAppFilePath /defaulthome/hostingstart/hostingstart.dll     -bindPort 8080 -bindPort2 '' -userStartupCommand 'dotnet PoMiniApps.Web.dll' 
2026-03-04T16:27:08.9377535Z Could not find build manifest file at '/home/site/wwwroot/oryx-manifest.toml'
2026-03-04T16:27:08.9462196Z Could not find operation ID in manifest. Generating an operation id...
2026-03-04T16:27:08.9483429Z Build Operation ID: f48a8fc4-75b7-4830-9bc3-6347a10c410b
2026-03-04T16:27:10.0607331Z 
2026-03-04T16:27:10.0644304Z Agent extension 
2026-03-04T16:27:10.0729755Z Before if loop >> DotNet Runtime 
2026-03-04T16:27:10.1356029Z DotNet Runtime 10.0Writing output script to '/opt/startup/startup.sh'
2026-03-04T16:27:10.2115064Z Running user provided startup command...
2026-03-04T16:27:16.1355197Z [16:27:15 INF] Starting PoMiniApps application
2026-03-04T16:48:31.0829438Z    _____                               
2026-03-04T16:48:31.0830111Z   /  _  \ __________ _________   ____  
2026-03-04T16:48:31.0830177Z  /  /_\  \\___   /  |  \_  __ \_/ __ \ 
2026-03-04T16:48:31.0830229Z /    |    \/    /|  |  /|  | \/\  ___/ 
2026-03-04T16:48:31.0830282Z \____|__  /_____ \____/ |__|    \___  >
2026-03-04T16:48:31.0830335Z         \/      \/                  \/ 
2026-03-04T16:48:31.0830386Z A P P   S E R V I C E   O N   L I N U X
2026-03-04T16:48:31.0830433Z 
2026-03-04T16:48:31.0830487Z Documentation       : http://aka.ms/webapp-linux
2026-03-04T16:48:31.0830539Z Dotnet quickstart   : https://aka.ms/dotnet-qs
2026-03-04T16:48:31.0830591Z ASP .NETCore Version: 10.0.2
2026-03-04T16:48:31.0830675Z Instance Name       : lw1sdlwk000AKC
2026-03-04T16:48:31.0830736Z Instance Id         : 14081d20018b15b1623fc720b48f16fa62465e5170c988d77c1ce70393fc7d40
2026-03-04T16:48:31.0830782Z 
2026-03-04T16:48:31.0830834Z Note: Any data outside '/home' is not persisted
2026-03-04T16:48:54.1000258Z  * Starting OpenBSD Secure Shell server sshd
2026-03-04T16:48:55.0490462Z    ...done.
2026-03-04T16:48:55.1194900Z WEBSITES_INCLUDE_CLOUD_CERTS is not set to true.
2026-03-04T16:48:55.7326418Z Updating certificates in /etc/ssl/certs...
2026-03-04T16:50:55.3307683Z rehash: warning: skipping duplicate certificate in SSLcom-TLS-Root-2022-ECC.pem
2026-03-04T16:50:55.3308206Z rehash: warning: skipping duplicate certificate in SSLcom-TLS-Root-2022-RSA.pem
2026-03-04T16:50:57.3061889Z rehash: warning: skipping ca-certificates.crt,it does not contain exactly one certificate or CRL
2026-03-04T16:50:57.8633665Z 4 added, 0 removed; done.
2026-03-04T16:50:57.8648573Z Running hooks in /etc/ca-certificates/update.d...
2026-03-04T16:50:57.9335172Z done.
2026-03-04T16:50:58.3417562Z CA certificates copied and updated successfully.
2026-03-04T16:50:59.5887966Z  * Starting periodic command scheduler cron
2026-03-04T16:51:00.0110338Z    ...done.
2026-03-04T16:51:00.0110721Z Running oryx create-script -appPath /home/site/wwwroot -output /opt/startup/startup.sh -defaultAppFilePath /defaulthome/hostingstart/hostingstart.dll     -bindPort 8080 -bindPort2 '' -userStartupCommand 'dotnet PoMiniApps.Web.dll' 
2026-03-04T16:51:00.8457796Z Could not find build manifest file at '/home/site/wwwroot/oryx-manifest.toml'
2026-03-04T16:51:00.8571059Z Could not find operation ID in manifest. Generating an operation id...
2026-03-04T16:51:00.8656155Z Build Operation ID: beb5c38d-aeb4-49f9-a763-56e306bbf70b
2026-03-04T16:51:03.1279702Z 
2026-03-04T16:51:03.1363065Z Agent extension 
2026-03-04T16:51:03.1371201Z Before if loop >> DotNet Runtime 
2026-03-04T16:51:03.1577036Z DotNet Runtime 10.0Writing output script to '/opt/startup/startup.sh'
2026-03-04T16:51:03.2310933Z Running user provided startup command...
2026-03-04T16:51:07.7829040Z [16:51:06 INF] Starting PoMiniApps application
2026-03-04T16:51:44.3258521Z [INFO] Connected to Key Vault: kv-poshared
2026-03-04T16:52:00.4087050Z [16:52:00 INF] Retrieved 10 rappers from Table Storage {"SourceContext": "PoMiniApps.Web.Services.Data.RapperRepository", "Application": "PoMiniApps", "Environment": "Production"}
2026-03-04T16:52:00.8003069Z [16:52:00 INF] Rappers already exist. Skipping seeding. {"SourceContext": "PoMiniApps.Web.Services.Data.RapperRepository", "Application": "PoMiniApps", "Environment": "Production"}
2026-03-04T16:52:00.8201546Z [16:52:00 INF] Data seeding completed successfully {"Application": "PoMiniApps", "Environment": "Production"}
2026-03-04T16:52:15.2663778Z [16:52:15 INF] Now listening on: http://[::]:8080 {"EventId": {"Id": 14, "Name": "ListeningOnAddress"}, "SourceContext": "Microsoft.Hosting.Lifetime", "Application": "PoMiniApps", "Environment": "Production"}
2026-03-04T16:52:15.2772168Z [16:52:15 INF] Application started. Press Ctrl+C to shut down. {"SourceContext": "Microsoft.Hosting.Lifetime", "Application": "PoMiniApps", "Environment": "Production"}
2026-03-04T16:52:15.2786779Z [16:52:15 INF] Hosting environment: Production {"SourceContext": "Microsoft.Hosting.Lifetime", "Application": "PoMiniApps", "Environment": "Production"}
2026-03-04T16:52:15.2874427Z [16:52:15 INF] Content root path: /home/site/wwwroot {"SourceContext": "Microsoft.Hosting.Lifetime", "Application": "PoMiniApps", "Environment": "Production"}
2026-03-04T16:52:18.6280371Z [16:52:18 INF] HTTP GET /robots933456.txt responded 404 in 78.2088 ms {"SourceContext": "Serilog.AspNetCore.RequestLoggingMiddleware", "RequestId": "0HNJQ1PHSOUA8:00000001", "ConnectionId": "0HNJQ1PHSOUA8", "Application": "PoMiniApps", "Environment": "Production"}
2026-03-04T16:56:30.6774757Z    _____                               
2026-03-04T16:56:30.7148567Z   /  _  \ __________ _________   ____  
2026-03-04T16:56:30.7148902Z  /  /_\  \\___   /  |  \_  __ \_/ __ \ 
2026-03-04T16:56:30.7148975Z /    |    \/    /|  |  /|  | \/\  ___/ 
2026-03-04T16:56:30.7149043Z \____|__  /_____ \____/ |__|    \___  >
2026-03-04T16:56:30.7149109Z         \/      \/                  \/ 
2026-03-04T16:56:30.7149234Z A P P   S E R V I C E   O N   L I N U X
2026-03-04T16:56:30.7149298Z 
2026-03-04T16:56:30.7149374Z Documentation       : http://aka.ms/webapp-linux
2026-03-04T16:56:30.7149441Z Dotnet quickstart   : https://aka.ms/dotnet-qs
2026-03-04T16:56:30.7149516Z ASP .NETCore Version: 10.0.2
2026-03-04T16:56:30.7149584Z Instance Name       : lw1sdlwk000AKC
2026-03-04T16:56:30.7149682Z Instance Id         : 14081d20018b15b1623fc720b48f16fa62465e5170c988d77c1ce70393fc7d40
2026-03-04T16:56:30.7149746Z 
2026-03-04T16:56:30.7149810Z Note: Any data outside '/home' is not persisted
2026-03-04T16:56:44.9498973Z [16:56:44 INF] HTTP GET / responded 200 in 21044.9965 ms {"SourceContext": "Serilog.AspNetCore.RequestLoggingMiddleware", "RequestId": "0HNJQ1PHSOUA9:00000001", "ConnectionId": "0HNJQ1PHSOUA9", "Application": "PoMiniApps", "Environment": "Production"}
2026-03-04T16:56:57.0859345Z [16:56:57 INF] HTTP GET /_content/Radzen.Blazor/css/material-dark-base.css responded 200 in 7345.6019 ms {"SourceContext": "Serilog.AspNetCore.RequestLoggingMiddleware", "RequestId": "0HNJQ1PHSOUAA:00000001", "ConnectionId": "0HNJQ1PHSOUAA", "Application": "PoMiniApps", "Environment": "Production"}
2026-03-04T16:56:57.0859810Z [16:56:57 INF] HTTP GET /css/app.css responded 200 in 7643.9452 ms {"SourceContext": "Serilog.AspNetCore.RequestLoggingMiddleware", "RequestId": "0HNJQ1PHSOUA9:00000002", "ConnectionId": "0HNJQ1PHSOUA9", "Application": "PoMiniApps", "Environment": "Production"}
2026-03-04T16:56:57.0859895Z [16:56:57 INF] HTTP GET /PoMiniApps.Web.styles.css responded 200 in 7275.8511 ms {"SourceContext": "Serilog.AspNetCore.RequestLoggingMiddleware", "RequestId": "0HNJQ1PHSOUAB:00000001", "ConnectionId": "0HNJQ1PHSOUAB", "Application": "PoMiniApps", "Environment": "Production"}
2026-03-04T16:56:57.1748764Z [16:56:57 INF] HTTP GET /js/audio.js responded 200 in 7558.2094 ms {"SourceContext": "Serilog.AspNetCore.RequestLoggingMiddleware", "RequestId": "0HNJQ1PHSOUAE:00000001", "ConnectionId": "0HNJQ1PHSOUAE", "Application": "PoMiniApps", "Environment": "Production"}
2026-03-04T16:56:57.1749166Z [16:56:57 INF] HTTP GET /_content/Radzen.Blazor/Radzen.Blazor.js responded 200 in 7750.2316 ms {"SourceContext": "Serilog.AspNetCore.RequestLoggingMiddleware", "RequestId": "0HNJQ1PHSOUAD:00000001", "ConnectionId": "0HNJQ1PHSOUAD", "Application": "PoMiniApps", "Environment": "Production"}
2026-03-04T16:56:57.2246613Z [16:56:57 INF] HTTP GET /_framework/blazor.web.js responded 200 in 7277.8928 ms {"SourceContext": "Serilog.AspNetCore.RequestLoggingMiddleware", "RequestId": "0HNJQ1PHSOUAC:00000001", "ConnectionId": "0HNJQ1PHSOUAC", "Application": "PoMiniApps", "Environment": "Production"}
2026-03-04T16:56:58.7893020Z [16:56:58 INF] HTTP GET /PoMiniApps.Web.Client.d8n6ba097j.bundle.scp.css responded 200 in 272.3753 ms {"SourceContext": "Serilog.AspNetCore.RequestLoggingMiddleware", "RequestId": "0HNJQ1PHSOUAB:00000002", "ConnectionId": "0HNJQ1PHSOUAB", "Application": "PoMiniApps", "Environment": "Production"}
2026-03-04T16:57:00.8307737Z [16:57:00 INF] HTTP GET /_content/Microsoft.DotNet.HotReload.WebAssembly.Browser/Microsoft.DotNet.HotReload.WebAssembly.Browser.99zm1jdh75.lib.module.js responded 200 in 1513.4974 ms {"SourceContext": "Serilog.AspNetCore.RequestLoggingMiddleware", "RequestId": "0HNJQ1PHSOUAB:00000003", "ConnectionId": "0HNJQ1PHSOUAB", "Application": "PoMiniApps", "Environment": "Production"}
2026-03-04T16:57:04.6210128Z [16:57:04 INF] HTTP GET /_framework/dotnet.js responded 200 in 2469.2809 ms {"SourceContext": "Serilog.AspNetCore.RequestLoggingMiddleware", "RequestId": "0HNJQ1PHSOUAB:00000004", "ConnectionId": "0HNJQ1PHSOUAB", "Application": "PoMiniApps", "Environment": "Production"}
2026-03-04T16:57:11.0705641Z [16:57:11 INF] HTTP GET /_framework/dotnet.native.69poregybn.js responded 200 in 2688.4250 ms {"SourceContext": "Serilog.AspNetCore.RequestLoggingMiddleware", "RequestId": "0HNJQ1PHSOUAA:00000002", "ConnectionId": "0HNJQ1PHSOUAA", "Application": "PoMiniApps", "Environment": "Production"}
2026-03-04T16:57:13.1672330Z [16:57:13 INF] HTTP GET /_framework/dotnet.runtime.q5rqv3xrhm.js responded 200 in 5801.2113 ms {"SourceContext": "Serilog.AspNetCore.RequestLoggingMiddleware", "RequestId": "0HNJQ1PHSOUAD:00000002", "ConnectionId": "0HNJQ1PHSOUAD", "Application": "PoMiniApps", "Environment": "Production"}
2026-03-04T16:57:16.5696992Z [16:57:16 INF] HTTP GET /_framework/System.Runtime.InteropServices.JavaScript.ul6odlo8xj.wasm responded 200 in 320.6577 ms {"SourceContext": "Serilog.AspNetCore.RequestLoggingMiddleware", "RequestId": "0HNJQ1PHSOUAA:00000003", "ConnectionId": "0HNJQ1PHSOUAA", "Application": "PoMiniApps", "Environment": "Production"}
2026-03-04T16:57:20.4667544Z [16:57:19 INF] HTTP GET /_framework/Azure.Core.tk33uqcbyk.wasm responded 200 in 5364.6741 ms {"SourceContext": "Serilog.AspNetCore.RequestLoggingMiddleware", "RequestId": "0HNJQ1PHSOUAD:00000003", "ConnectionId": "0HNJQ1PHSOUAD", "Application": "PoMiniApps", "Environment": "Production"}
2026-03-04T16:57:20.9775816Z [16:57:20 INF] HTTP GET /_framework/Azure.Data.Tables.kob1m6m4ky.wasm responded 200 in 2566.6922 ms {"SourceContext": "Serilog.AspNetCore.RequestLoggingMiddleware", "RequestId": "0HNJQ1PHSOUAA:00000004", "ConnectionId": "0HNJQ1PHSOUAA", "Application": "PoMiniApps", "Environment": "Production"}
2026-03-04T16:57:23.3411581Z [16:57:23 INF] HTTP GET /_framework/Microsoft.AspNetCore.Components.Forms.qj1g44yl36.wasm responded 200 in 1197.2314 ms {"SourceContext": "Serilog.AspNetCore.RequestLoggingMiddleware", "RequestId": "0HNJQ1PHSOUAD:00000004", "ConnectionId": "0HNJQ1PHSOUAD", "Application": "PoMiniApps", "Environment": "Production"}
2026-03-04T16:57:36.4765188Z [16:57:36 INF] HTTP GET /_framework/Microsoft.AspNetCore.Components.Web.qk3muqpx98.wasm responded 200 in 2959.3562 ms {"SourceContext": "Serilog.AspNetCore.RequestLoggingMiddleware", "RequestId": "0HNJQ1PHSOUAA:00000005", "ConnectionId": "0HNJQ1PHSOUAA", "Application": "PoMiniApps", "Environment": "Production"}
2026-03-04T16:57:36.6524531Z [16:57:36 INF] HTTP GET /_content/Radzen.Blazor/fonts/RobotoFlex.woff2 responded 200 in 35666.1576 ms {"SourceContext": "Serilog.AspNetCore.RequestLoggingMiddleware", "RequestId": "0HNJQ1PHSOUA9:00000003", "ConnectionId": "0HNJQ1PHSOUA9", "Application": "PoMiniApps", "Environment": "Production"}
2026-03-04T16:57:43.6472453Z [16:57:42 INF] HTTP GET /_framework/System.Private.CoreLib.jl1g8sg6e1.wasm responded 200 in 33121.3289 ms {"SourceContext": "Serilog.AspNetCore.RequestLoggingMiddleware", "RequestId": "0HNJQ1PHSOUAC:00000002", "ConnectionId": "0HNJQ1PHSOUAC", "Application": "PoMiniApps", "Environment": "Production"}
2026-03-04T16:57:48.3575241Z [16:57:47 INF] HTTP GET /_content/Radzen.Blazor/fonts/MaterialSymbolsOutlined.woff2 responded 200 in 46792.7377 ms {"SourceContext": "Serilog.AspNetCore.RequestLoggingMiddleware", "RequestId": "0HNJQ1PHSOUAE:00000002", "ConnectionId": "0HNJQ1PHSOUAE", "Application": "PoMiniApps", "Environment": "Production"}
2026-03-04T16:57:48.3575608Z [16:57:48 INF] HTTP GET /_framework/Microsoft.AspNetCore.Connections.Abstractions.zhexxih4jz.wasm responded 200 in 3690.8227 ms {"SourceContext": "Serilog.AspNetCore.RequestLoggingMiddleware", "RequestId": "0HNJQ1PHSOUA9:00000004", "ConnectionId": "0HNJQ1PHSOUA9", "Application": "PoMiniApps", "Environment": "Production"}
2026-03-04T16:57:49.2064365Z [16:57:48 INF] HTTP GET /_framework/Microsoft.AspNetCore.Http.Connections.Client.o54q44wx3m.wasm responded 200 in 3908.4280 ms {"SourceContext": "Serilog.AspNetCore.RequestLoggingMiddleware", "RequestId": "0HNJQ1PHSOUAC:00000003", "ConnectionId": "0HNJQ1PHSOUAC", "Application": "PoMiniApps", "Environment": "Production"}
2026-03-04T16:57:51.4688103Z [16:57:48 INF] HTTP GET /_framework/Microsoft.AspNetCore.Components.WebAssembly.dokmyg6rqx.wasm responded 200 in 445.1344 ms {"SourceContext": "Serilog.AspNetCore.RequestLoggingMiddleware", "RequestId": "0HNJQ1PHSOUAD:00000005", "ConnectionId": "0HNJQ1PHSOUAD", "Application": "PoMiniApps", "Environment": "Production"}
2026-03-04T16:57:54.4047418Z [16:57:54 INF] HTTP GET /_framework/Microsoft.AspNetCore.Http.Connections.Common.988u3dx0u0.wasm responded 200 in 2833.3009 ms {"SourceContext": "Serilog.AspNetCore.RequestLoggingMiddleware", "RequestId": "0HNJQ1PHSOUAE:00000003", "ConnectionId": "0HNJQ1PHSOUAE", "Application": "PoMiniApps", "Environment": "Production"}
2026-03-04T16:57:55.4987811Z [16:57:54 INF] HTTP GET /_framework/Microsoft.AspNetCore.Components.bt67h19mqc.wasm responded 200 in 10528.6593 ms {"SourceContext": "Serilog.AspNetCore.RequestLoggingMiddleware", "RequestId": "0HNJQ1PHSOUAA:00000006", "ConnectionId": "0HNJQ1PHSOUAA", "Application": "PoMiniApps", "Environment": "Production"}
2026-03-04T16:57:59.1722141Z [16:57:56 INF] HTTP GET /_framework/dotnet.native.2mv1pqdd2n.wasm responded 200 in 49333.6971 ms {"SourceContext": "Serilog.AspNetCore.RequestLoggingMiddleware", "RequestId": "0HNJQ1PHSOUAB:00000005", "ConnectionId": "0HNJQ1PHSOUAB", "Application": "PoMiniApps", "Environment": "Production"}
2026-03-04T16:58:02.2703164Z [16:58:02 INF] HTTP GET /_framework/Microsoft.AspNetCore.SignalR.Common.ewmk5djxxz.wasm responded 200 in 3487.9137 ms {"SourceContext": "Serilog.AspNetCore.RequestLoggingMiddleware", "RequestId": "0HNJQ1PHSOUAC:00000004", "ConnectionId": "0HNJQ1PHSOUAC", "Application": "PoMiniApps", "Environment": "Production"}
2026-03-04T16:58:04.0256900Z [16:58:03 INF] HTTP GET /_framework/Microsoft.AspNetCore.SignalR.Protocols.Json.b7tbtppj8f.wasm responded 200 in 4005.8954 ms {"SourceContext": "Serilog.AspNetCore.RequestLoggingMiddleware", "RequestId": "0HNJQ1PHSOUAE:00000004", "ConnectionId": "0HNJQ1PHSOUAE", "Application": "PoMiniApps", "Environment": "Production"}
2026-03-04T16:58:07.5208108Z [16:58:07 INF] HTTP GET /_framework/Microsoft.AspNetCore.SignalR.Client.bow08g07nl.wasm responded 200 in 3675.9552 ms {"SourceContext": "Serilog.AspNetCore.RequestLoggingMiddleware", "RequestId": "0HNJQ1PHSOUA9:00000005", "ConnectionId": "0HNJQ1PHSOUA9", "Application": "PoMiniApps", "Environment": "Production"}
2026-03-04T16:58:10.3854497Z [16:58:09 INF] HTTP GET /_framework/Microsoft.CSharp.v7nu4lfagx.wasm responded 200 in 1900.1227 ms {"SourceContext": "Serilog.AspNetCore.RequestLoggingMiddleware", "RequestId": "0HNJQ1PHSOUAA:00000007", "ConnectionId": "0HNJQ1PHSOUAA", "Application": "PoMiniApps", "Environment": "Production"}
2026-03-04T16:58:12.1679844Z [16:58:12 INF] HTTP GET /_framework/Microsoft.Extensions.Configuration.Json.vejc7kiu4g.wasm responded 200 in 1752.8063 ms {"SourceContext": "Serilog.AspNetCore.RequestLoggingMiddleware", "RequestId": "0HNJQ1PHSOUAE:00000005", "ConnectionId": "0HNJQ1PHSOUAE", "Application": "PoMiniApps", "Environment": "Production"}
2026-03-04T16:58:13.5602738Z [16:58:13 INF] HTTP GET /_framework/Microsoft.DotNet.HotReload.WebAssembly.Browser.9sdmuz89zv.wasm responded 200 in 4021.2901 ms {"SourceContext": "Serilog.AspNetCore.RequestLoggingMiddleware", "RequestId": "0HNJQ1PHSOUAB:00000006", "ConnectionId": "0HNJQ1PHSOUAB", "Application": "PoMiniApps", "Environment": "Production"}
2026-03-04T16:58:14.0419981Z [16:58:13 INF] HTTP GET /_framework/Microsoft.Extensions.DependencyInjection.5tn3twdons.wasm responded 200 in 757.4851 ms {"SourceContext": "Serilog.AspNetCore.RequestLoggingMiddleware", "RequestId": "0HNJQ1PHSOUAE:00000006", "ConnectionId": "0HNJQ1PHSOUAE", "Application": "PoMiniApps", "Environment": "Production"}
2026-03-04T16:58:14.3307852Z [16:58:14 INF] HTTP GET /_framework/Microsoft.Extensions.Configuration.Abstractions.vydvg25cgq.wasm responded 200 in 2644.1184 ms {"SourceContext": "Serilog.AspNetCore.RequestLoggingMiddleware", "RequestId": "0HNJQ1PHSOUAC:00000005", "ConnectionId": "0HNJQ1PHSOUAC", "Application": "PoMiniApps", "Environment": "Production"}
2026-03-04T16:58:15.0800059Z [16:58:14 INF] HTTP GET /_framework/Microsoft.AspNetCore.SignalR.Client.Core.c9nhnwlpqo.wasm responded 200 in 14842.8348 ms {"SourceContext": "Serilog.AspNetCore.RequestLoggingMiddleware", "RequestId": "0HNJQ1PHSOUAD:00000006", "ConnectionId": "0HNJQ1PHSOUAD", "Application": "PoMiniApps", "Environment": "Production"}
2026-03-04T16:58:15.7453119Z [16:58:15 INF] HTTP GET /_framework/Microsoft.Extensions.Configuration.33kpvunugc.wasm responded 200 in 7303.2919 ms {"SourceContext": "Serilog.AspNetCore.RequestLoggingMiddleware", "RequestId": "0HNJQ1PHSOUA9:00000006", "ConnectionId": "0HNJQ1PHSOUA9", "Application": "PoMiniApps", "Environment": "Production"}
2026-03-04T16:58:19.1893664Z [16:58:19 INF] HTTP GET /_framework/Microsoft.Extensions.Options.65wgrrkcha.wasm responded 200 in 555.1866 ms {"SourceContext": "Serilog.AspNetCore.RequestLoggingMiddleware", "RequestId": "0HNJQ1PHSOUAC:00000006", "ConnectionId": "0HNJQ1PHSOUAC", "Application": "PoMiniApps", "Environment": "Production"}
2026-03-04T16:58:23.5664413Z [16:58:23 INF] HTTP GET /_framework/Microsoft.Extensions.Features.ehdmc2ejb0.wasm responded 200 in 4767.2216 ms {"SourceContext": "Serilog.AspNetCore.RequestLoggingMiddleware", "RequestId": "0HNJQ1PHSOUA9:00000007", "ConnectionId": "0HNJQ1PHSOUA9", "Application": "PoMiniApps", "Environment": "Production"}
2026-03-04T16:58:23.6911867Z [16:58:23 INF] HTTP GET /_framework/Microsoft.Extensions.Logging.Abstractions.7kxtwilqov.wasm responded 200 in 4882.5023 ms {"SourceContext": "Serilog.AspNetCore.RequestLoggingMiddleware", "RequestId": "0HNJQ1PHSOUAB:00000007", "ConnectionId": "0HNJQ1PHSOUAB", "Application": "PoMiniApps", "Environment": "Production"}
2026-03-04T16:58:54.3957132Z [16:58:46 INF] HTTP GET /_framework/Microsoft.Extensions.DependencyInjection.Abstractions.nigy9u0f5t.wasm responded 200 in 26782.6151 ms {"SourceContext": "Serilog.AspNetCore.RequestLoggingMiddleware", "RequestId": "0HNJQ1PHSOUAA:00000008", "ConnectionId": "0HNJQ1PHSOUAA", "Application": "PoMiniApps", "Environment": "Production"}
2026-03-04T16:59:20.6427343Z [16:59:19 INF] HTTP GET /_framework/Microsoft.Extensions.Logging.k0z07ur9zy.wasm responded 200 in 59522.3617 ms {"SourceContext": "Serilog.AspNetCore.RequestLoggingMiddleware", "RequestId": "0HNJQ1PHSOUAD:00000007", "ConnectionId": "0HNJQ1PHSOUAD", "Application": "PoMiniApps", "Environment": "Production"}
2026-03-04T16:59:28.2056378Z [16:59:28 INF] HTTP GET /_framework/Microsoft.JSInterop.6opzb3bu8l.wasm responded 200 in 6030.1298 ms {"SourceContext": "Serilog.AspNetCore.RequestLoggingMiddleware", "RequestId": "0HNJQ1PHSOUA9:00000008", "ConnectionId": "0HNJQ1PHSOUA9", "Application": "PoMiniApps", "Environment": "Production"}
2026-03-04T16:59:30.7245329Z [16:59:30 INF] HTTP GET /_framework/Microsoft.JSInterop.WebAssembly.nsfh695mwg.wasm responded 200 in 7279.2236 ms {"SourceContext": "Serilog.AspNetCore.RequestLoggingMiddleware", "RequestId": "0HNJQ1PHSOUAC:00000007", "ConnectionId": "0HNJQ1PHSOUAC", "Application": "PoMiniApps", "Environment": "Production"}
2026-03-04T16:59:31.5088045Z [16:59:30 INF] HTTP GET /_framework/PoMiniApps.Shared.4pi3b2lz2v.wasm responded 200 in 2863.0081 ms {"SourceContext": "Serilog.AspNetCore.RequestLoggingMiddleware", "RequestId": "0HNJQ1PHSOUAB:00000008", "ConnectionId": "0HNJQ1PHSOUAB", "Application": "PoMiniApps", "Environment": "Production"}
2026-03-04T16:59:34.3703489Z [16:59:34 INF] HTTP GET /_framework/System.ClientModel.2uiigv7z1m.wasm responded 200 in 3546.7089 ms {"SourceContext": "Serilog.AspNetCore.RequestLoggingMiddleware", "RequestId": "0HNJQ1PHSOUA9:00000009", "ConnectionId": "0HNJQ1PHSOUA9", "Application": "PoMiniApps", "Environment": "Production"}
2026-03-04T16:59:34.4499010Z [16:59:34 INF] HTTP GET /_framework/Microsoft.Extensions.Primitives.7za6xlrecu.wasm responded 200 in 11858.3402 ms {"SourceContext": "Serilog.AspNetCore.RequestLoggingMiddleware", "RequestId": "0HNJQ1PHSOUAE:00000007", "ConnectionId": "0HNJQ1PHSOUAE", "Application": "PoMiniApps", "Environment": "Production"}
2026-03-04T16:59:34.4499804Z [16:59:34 INF] HTTP GET /_framework/System.Collections.Immutable.ikt5rdzfy6.wasm responded 200 in 1841.1188 ms {"SourceContext": "Serilog.AspNetCore.RequestLoggingMiddleware", "RequestId": "0HNJQ1PHSOUAB:00000009", "ConnectionId": "0HNJQ1PHSOUAB", "Application": "PoMiniApps", "Environment": "Production"}
2026-03-04T16:59:34.6228759Z [16:59:34 INF] HTTP GET /_framework/System.Collections.Concurrent.gcuueik5ei.wasm responded 200 in 781.8114 ms {"SourceContext": "Serilog.AspNetCore.RequestLoggingMiddleware", "RequestId": "0HNJQ1PHSOUAC:00000008", "ConnectionId": "0HNJQ1PHSOUAC", "Application": "PoMiniApps", "Environment": "Production"}
2026-03-04T16:59:35.8475896Z [16:59:35 INF] HTTP GET /_framework/System.Collections.NonGeneric.4n6c6g4x8f.wasm responded 200 in 1207.2182 ms {"SourceContext": "Serilog.AspNetCore.RequestLoggingMiddleware", "RequestId": "0HNJQ1PHSOUA9:0000000A", "ConnectionId": "0HNJQ1PHSOUA9", "Application": "PoMiniApps", "Environment": "Production"}
2026-03-04T16:59:36.2585526Z [16:59:35 INF] HTTP GET /_framework/PoMiniApps.Web.Client.rioux4v1qw.wasm responded 200 in 1047.4264 ms {"SourceContext": "Serilog.AspNetCore.RequestLoggingMiddleware", "RequestId": "0HNJQ1PHSOUAA:00000009", "ConnectionId": "0HNJQ1PHSOUAA", "Application": "PoMiniApps", "Environment": "Production"}
2026-03-04T16:59:37.7579892Z [16:59:37 INF] HTTP GET /_framework/System.Collections.sqhhdbmygq.wasm responded 200 in 1049.6174 ms {"SourceContext": "Serilog.AspNetCore.RequestLoggingMiddleware", "RequestId": "0HNJQ1PHSOUAB:0000000A", "ConnectionId": "0HNJQ1PHSOUAB", "Application": "PoMiniApps", "Environment": "Production"}
2026-03-04T16:59:39.0226178Z [16:59:38 INF] HTTP GET /_framework/System.Collections.Specialized.ne34xes38z.wasm responded 200 in 761.6516 ms {"SourceContext": "Serilog.AspNetCore.RequestLoggingMiddleware", "RequestId": "0HNJQ1PHSOUAC:00000009", "ConnectionId": "0HNJQ1PHSOUAC", "Application": "PoMiniApps", "Environment": "Production"}
2026-03-04T16:59:39.0226638Z [16:59:38 INF] HTTP GET /_framework/System.ComponentModel.TypeConverter.qppecwbdzz.wasm responded 200 in 1339.8295 ms {"SourceContext": "Serilog.AspNetCore.RequestLoggingMiddleware", "RequestId": "0HNJQ1PHSOUAA:0000000A", "ConnectionId": "0HNJQ1PHSOUAA", "Application": "PoMiniApps", "Environment": "Production"}
2026-03-04T16:59:45.9367650Z [16:59:45 INF] HTTP GET /_framework/Radzen.Blazor.vhgp36vagd.wasm responded 200 in 21333.6408 ms {"SourceContext": "Serilog.AspNetCore.RequestLoggingMiddleware", "RequestId": "0HNJQ1PHSOUAD:00000008", "ConnectionId": "0HNJQ1PHSOUAD", "Application": "PoMiniApps", "Environment": "Production"}
2026-03-04T16:59:52.9124305Z [16:59:52 INF] HTTP GET /_framework/System.ComponentModel.Annotations.43s8riqm2w.wasm responded 200 in 13881.0810 ms {"SourceContext": "Serilog.AspNetCore.RequestLoggingMiddleware", "RequestId": "0HNJQ1PHSOUAE:00000008", "ConnectionId": "0HNJQ1PHSOUAE", "Application": "PoMiniApps", "Environment": "Production"}
2026-03-04T16:59:52.9124746Z [16:59:52 INF] HTTP GET /_framework/System.Data.Common.1559u8fqp1.wasm responded 200 in 2562.0039 ms {"SourceContext": "Serilog.AspNetCore.RequestLoggingMiddleware", "RequestId": "0HNJQ1PHSOUAC:0000000A", "ConnectionId": "0HNJQ1PHSOUAC", "Application": "PoMiniApps", "Environment": "Production"}
2026-03-04T16:59:55.0263823Z [16:59:55 INF] HTTP GET /_framework/System.ComponentModel.Primitives.3lyn7l6213.wasm responded 200 in 17348.6411 ms {"SourceContext": "Serilog.AspNetCore.RequestLoggingMiddleware", "RequestId": "0HNJQ1PHSOUA9:0000000B", "ConnectionId": "0HNJQ1PHSOUA9", "Application": "PoMiniApps", "Environment": "Production"}
2026-03-04T16:59:55.1754984Z [16:59:55 INF] HTTP GET /_framework/System.Diagnostics.TraceSource.u1o9y8hx8s.wasm responded 200 in 456.8409 ms {"SourceContext": "Serilog.AspNetCore.RequestLoggingMiddleware", "RequestId": "0HNJQ1PHSOUAC:0000000B", "ConnectionId": "0HNJQ1PHSOUAC", "Application": "PoMiniApps", "Environment": "Production"}
2026-03-04T16:59:56.2753328Z [16:59:56 INF] HTTP GET /_framework/System.ComponentModel.6p3x58af60.wasm responded 200 in 1055.3082 ms {"SourceContext": "Serilog.AspNetCore.RequestLoggingMiddleware", "RequestId": "0HNJQ1PHSOUAB:0000000B", "ConnectionId": "0HNJQ1PHSOUAB", "Application": "PoMiniApps", "Environment": "Production"}
2026-03-04T16:59:56.2932598Z [16:59:56 INF] HTTP GET /_framework/System.Core.zcbadcxyey.wasm responded 200 in 1057.5507 ms {"SourceContext": "Serilog.AspNetCore.RequestLoggingMiddleware", "RequestId": "0HNJQ1PHSOUAA:0000000B", "ConnectionId": "0HNJQ1PHSOUAA", "Application": "PoMiniApps", "Environment": "Production"}
2026-03-04T16:59:56.6334769Z [16:59:56 INF] HTTP GET /_framework/System.Diagnostics.Tracing.ehh6yf1cle.wasm responded 200 in 297.6888 ms {"SourceContext": "Serilog.AspNetCore.RequestLoggingMiddleware", "RequestId": "0HNJQ1PHSOUA9:0000000C", "ConnectionId": "0HNJQ1PHSOUA9", "Application": "PoMiniApps", "Environment": "Production"}
2026-03-04T16:59:57.9280623Z [16:59:57 INF] HTTP GET /_framework/System.Formats.Asn1.7dpo4of5kz.wasm responded 200 in 1405.7687 ms {"SourceContext": "Serilog.AspNetCore.RequestLoggingMiddleware", "RequestId": "0HNJQ1PHSOUA9:0000000D", "ConnectionId": "0HNJQ1PHSOUA9", "Application": "PoMiniApps", "Environment": "Production"}
2026-03-04T16:59:59.0110816Z [16:59:59 INF] HTTP GET /_framework/System.Console.qwhfll097u.wasm responded 200 in 3705.8153 ms {"SourceContext": "Serilog.AspNetCore.RequestLoggingMiddleware", "RequestId": "0HNJQ1PHSOUAD:00000009", "ConnectionId": "0HNJQ1PHSOUAD", "Application": "PoMiniApps", "Environment": "Production"}
2026-03-04T16:59:59.1761158Z [16:59:59 INF] HTTP GET /_framework/System.Drawing.Primitives.u5i9d37a5f.wasm responded 200 in 480.7299 ms {"SourceContext": "Serilog.AspNetCore.RequestLoggingMiddleware", "RequestId": "0HNJQ1PHSOUAC:0000000C", "ConnectionId": "0HNJQ1PHSOUAC", "Application": "PoMiniApps", "Environment": "Production"}
2026-03-04T16:59:59.3279896Z [16:59:59 INF] HTTP GET /_framework/System.Drawing.e8qudqmdpa.wasm responded 200 in 2836.4172 ms {"SourceContext": "Serilog.AspNetCore.RequestLoggingMiddleware", "RequestId": "0HNJQ1PHSOUAA:0000000C", "ConnectionId": "0HNJQ1PHSOUAA", "Application": "PoMiniApps", "Environment": "Production"}
2026-03-04T16:59:59.4389202Z [16:59:59 INF] HTTP GET /_framework/System.Diagnostics.DiagnosticSource.5qoo2ja9xb.wasm responded 200 in 4684.4703 ms {"SourceContext": "Serilog.AspNetCore.RequestLoggingMiddleware", "RequestId": "0HNJQ1PHSOUAE:00000009", "ConnectionId": "0HNJQ1PHSOUAE", "Application": "PoMiniApps", "Environment": "Production"}
2026-03-04T17:00:00.0938686Z [17:00:00 INF] HTTP GET /_framework/System.Memory.Data.fhm79w72a6.wasm responded 200 in 383.7141 ms {"SourceContext": "Serilog.AspNetCore.RequestLoggingMiddleware", "RequestId": "0HNJQ1PHSOUAA:0000000D", "ConnectionId": "0HNJQ1PHSOUAA", "Application": "PoMiniApps", "Environment": "Production"}
2026-03-04T17:00:00.1512788Z [17:00:00 INF] HTTP GET /_framework/System.Linq.Expressions.ivnxjt9iu4.wasm responded 200 in 520.5532 ms {"SourceContext": "Serilog.AspNetCore.RequestLoggingMiddleware", "RequestId": "0HNJQ1PHSOUA9:0000000E", "ConnectionId": "0HNJQ1PHSOUA9", "Application": "PoMiniApps", "Environment": "Production"}
2026-03-04T17:00:00.1681972Z [16:59:58 INF] HTTP GET /_framework/System.IO.Pipelines.flsdiiei25.wasm responded 200 in 1852.9995 ms {"SourceContext": "Serilog.AspNetCore.RequestLoggingMiddleware", "RequestId": "0HNJQ1PHSOUAB:0000000C", "ConnectionId": "0HNJQ1PHSOUAB", "Application": "PoMiniApps", "Environment": "Production"}
2026-03-04T17:00:00.2857829Z [17:00:00 INF] HTTP GET /_framework/System.Memory.7lpijkhdib.wasm responded 200 in 636.7605 ms {"SourceContext": "Serilog.AspNetCore.RequestLoggingMiddleware", "RequestId": "0HNJQ1PHSOUAC:0000000D", "ConnectionId": "0HNJQ1PHSOUAC", "Application": "PoMiniApps", "Environment": "Production"}
2026-03-04T17:00:00.4060288Z [17:00:00 INF] HTTP GET /_framework/System.Linq.Queryable.kd35aly2dt.wasm responded 200 in 46.1810 ms {"SourceContext": "Serilog.AspNetCore.RequestLoggingMiddleware", "RequestId": "0HNJQ1PHSOUAB:0000000D", "ConnectionId": "0HNJQ1PHSOUAB", "Application": "PoMiniApps", "Environment": "Production"}
2026-03-04T17:00:00.4632353Z [17:00:00 INF] HTTP GET /_framework/System.Net.Primitives.dwheozpy0a.wasm responded 200 in 127.0322 ms {"SourceContext": "Serilog.AspNetCore.RequestLoggingMiddleware", "RequestId": "0HNJQ1PHSOUAA:0000000E", "ConnectionId": "0HNJQ1PHSOUAA", "Application": "PoMiniApps", "Environment": "Production"}
2026-03-04T17:00:00.9017551Z [17:00:00 INF] HTTP GET /_framework/System.Net.Http.Json.ht2kk0eq7n.wasm responded 200 in 553.2640 ms {"SourceContext": "Serilog.AspNetCore.RequestLoggingMiddleware", "RequestId": "0HNJQ1PHSOUA9:0000000F", "ConnectionId": "0HNJQ1PHSOUA9", "Application": "PoMiniApps", "Environment": "Production"}
2026-03-04T17:00:00.9017946Z [17:00:00 WRN] As of "03/04/2026 16:58:30 +00:00", the heartbeat has been running for "00:00:09.1065617" which is longer than "00:00:01". This could be caused by thread pool starvation. {"EventId": {"Id": 22, "Name": "HeartbeatSlow"}, "SourceContext": "Microsoft.AspNetCore.Server.Kestrel", "Application": "PoMiniApps", "Environment": "Production"}
2026-03-04T17:00:01.1905550Z [17:00:01 INF] HTTP GET /_framework/System.Net.Requests.wijmssnld1.wasm responded 200 in 676.7926 ms {"SourceContext": "Serilog.AspNetCore.RequestLoggingMiddleware", "RequestId": "0HNJQ1PHSOUAC:0000000E", "ConnectionId": "0HNJQ1PHSOUAC", "Application": "PoMiniApps", "Environment": "Production"}
2026-03-04T17:00:01.1906327Z [17:00:01 INF] HTTP GET /_framework/System.Net.Security.atqksu5ubw.wasm responded 200 in 706.1282 ms {"SourceContext": "Serilog.AspNetCore.RequestLoggingMiddleware", "RequestId": "0HNJQ1PHSOUAB:0000000E", "ConnectionId": "0HNJQ1PHSOUAB", "Application": "PoMiniApps", "Environment": "Production"}
2026-03-04T17:00:03.0277297Z    ...done.
2026-03-04T17:00:03.3485292Z [17:00:03 INF] HTTP GET /_framework/System.Linq.62nr6xx9fh.wasm responded 200 in 4163.4981 ms {"SourceContext": "Serilog.AspNetCore.RequestLoggingMiddleware", "RequestId": "0HNJQ1PHSOUAD:0000000A", "ConnectionId": "0HNJQ1PHSOUAD", "Application": "PoMiniApps", "Environment": "Production"}
2026-03-04T17:00:04.0134355Z [17:00:03 INF] HTTP GET /_framework/System.Net.ServerSentEvents.nnz8c1zwd0.wasm responded 200 in 2460.4386 ms {"SourceContext": "Serilog.AspNetCore.RequestLoggingMiddleware", "RequestId": "0HNJQ1PHSOUAA:0000000F", "ConnectionId": "0HNJQ1PHSOUAA", "Application": "PoMiniApps", "Environment": "Production"}
2026-03-04T17:00:06.9215517Z WEBSITES_INCLUDE_CLOUD_CERTS is not set to true.
2026-03-04T17:00:11.5364664Z [17:00:11 INF] HTTP GET /_framework/System.Net.Http.uew1ewet7n.wasm responded 200 in 8194.6205 ms {"SourceContext": "Serilog.AspNetCore.RequestLoggingMiddleware", "RequestId": "0HNJQ1PHSOUAE:0000000A", "ConnectionId": "0HNJQ1PHSOUAE", "Application": "PoMiniApps", "Environment": "Production"}
2026-03-04T17:00:12.3259011Z [17:00:08 INF] HTTP GET /_framework/System.Net.WebSockets.jsjr3uqlj2.wasm responded 200 in 1439.7596 ms {"SourceContext": "Serilog.AspNetCore.RequestLoggingMiddleware", "RequestId": "0HNJQ1PHSOUA9:00000010", "ConnectionId": "0HNJQ1PHSOUA9", "Application": "PoMiniApps", "Environment": "Production"}
2026-03-04T17:00:19.3463220Z [17:00:18 INF] HTTP GET /_framework/System.ObjectModel.97pwn6ow83.wasm responded 200 in 1309.7000 ms {"SourceContext": "Serilog.AspNetCore.RequestLoggingMiddleware", "RequestId": "0HNJQ1PHSOUAC:0000000F", "ConnectionId": "0HNJQ1PHSOUAC", "Application": "PoMiniApps", "Environment": "Production"}
2026-03-04T17:00:19.3464610Z [17:00:19 INF] HTTP GET /_framework/System.Private.Uri.2k1lqbum5y.wasm responded 200 in 1213.7172 ms {"SourceContext": "Serilog.AspNetCore.RequestLoggingMiddleware", "RequestId": "0HNJQ1PHSOUAD:0000000B", "ConnectionId": "0HNJQ1PHSOUAD", "Application": "PoMiniApps", "Environment": "Production"}
2026-03-04T17:00:21.4851455Z [17:00:21 INF] HTTP GET /_framework/System.Reflection.Emit.kl9mqeg15m.wasm responded 200 in 1702.0340 ms {"SourceContext": "Serilog.AspNetCore.RequestLoggingMiddleware", "RequestId": "0HNJQ1PHSOUAC:00000010", "ConnectionId": "0HNJQ1PHSOUAC", "Application": "PoMiniApps", "Environment": "Production"}
2026-03-04T17:00:23.2007267Z [17:00:23 INF] HTTP GET /_framework/System.Net.WebSockets.Client.wmeo5kdsnf.wasm responded 200 in 5716.9654 ms {"SourceContext": "Serilog.AspNetCore.RequestLoggingMiddleware", "RequestId": "0HNJQ1PHSOUAB:0000000F", "ConnectionId": "0HNJQ1PHSOUAB", "Application": "PoMiniApps", "Environment": "Production"}
2026-03-04T17:00:24.5983762Z [17:00:23 INF] HTTP GET /_framework/System.Private.Xml.Linq.xi62exxm8t.wasm responded 200 in 6088.7172 ms {"SourceContext": "Serilog.AspNetCore.RequestLoggingMiddleware", "RequestId": "0HNJQ1PHSOUAA:00000010", "ConnectionId": "0HNJQ1PHSOUAA", "Application": "PoMiniApps", "Environment": "Production"}
2026-03-04T17:00:24.7729135Z [17:00:24 INF] HTTP GET /_framework/System.Reflection.Primitives.nsfubnmzhb.wasm responded 200 in 3998.0126 ms {"SourceContext": "Serilog.AspNetCore.RequestLoggingMiddleware", "RequestId": "0HNJQ1PHSOUAD:0000000C", "ConnectionId": "0HNJQ1PHSOUAD", "Application": "PoMiniApps", "Environment": "Production"}
2026-03-04T17:00:28.4123425Z [17:00:28 INF] HTTP GET /_framework/System.Runtime.InteropServices.fj9jdecnpc.wasm responded 200 in 4133.3450 ms {"SourceContext": "Serilog.AspNetCore.RequestLoggingMiddleware", "RequestId": "0HNJQ1PHSOUAB:00000010", "ConnectionId": "0HNJQ1PHSOUAB", "Application": "PoMiniApps", "Environment": "Production"}
2026-03-04T17:00:29.5860360Z [17:00:29 INF] HTTP GET /_framework/System.Reflection.Emit.ILGeneration.b4usnqplga.wasm responded 200 in 5599.6688 ms {"SourceContext": "Serilog.AspNetCore.RequestLoggingMiddleware", "RequestId": "0HNJQ1PHSOUAE:0000000B", "ConnectionId": "0HNJQ1PHSOUAE", "Application": "PoMiniApps", "Environment": "Production"}
2026-03-04T17:00:29.6148885Z [17:00:29 INF] HTTP GET /_framework/System.Runtime.Loader.wbm5fkdt13.wasm responded 200 in 4502.1264 ms {"SourceContext": "Serilog.AspNetCore.RequestLoggingMiddleware", "RequestId": "0HNJQ1PHSOUAA:00000011", "ConnectionId": "0HNJQ1PHSOUAA", "Application": "PoMiniApps", "Environment": "Production"}
2026-03-04T17:00:32.0916357Z [17:00:32 INF] HTTP GET /_framework/System.Private.Xml.0qed5goagx.wasm responded 200 in 8432.3101 ms {"SourceContext": "Serilog.AspNetCore.RequestLoggingMiddleware", "RequestId": "0HNJQ1PHSOUA9:00000011", "ConnectionId": "0HNJQ1PHSOUA9", "Application": "PoMiniApps", "Environment": "Production"}
2026-03-04T17:00:33.0567350Z [17:00:32 INF] HTTP GET /_framework/System.Security.Cryptography.5rjgs7cdbm.wasm responded 200 in 1648.0421 ms {"SourceContext": "Serilog.AspNetCore.RequestLoggingMiddleware", "RequestId": "0HNJQ1PHSOUAA:00000012", "ConnectionId": "0HNJQ1PHSOUAA", "Application": "PoMiniApps", "Environment": "Production"}
2026-03-04T17:00:33.0568141Z [17:00:32 INF] HTTP GET /_framework/System.Text.Encoding.Extensions.gwksaqyl68.wasm responded 200 in 2132.5486 ms {"SourceContext": "Serilog.AspNetCore.RequestLoggingMiddleware", "RequestId": "0HNJQ1PHSOUAE:0000000C", "ConnectionId": "0HNJQ1PHSOUAE", "Application": "PoMiniApps", "Environment": "Production"}
2026-03-04T17:00:33.0568618Z [17:00:32 INF] HTTP GET /_framework/System.Runtime.Serialization.Primitives.mdwocmfh07.wasm responded 200 in 380.3029 ms {"SourceContext": "Serilog.AspNetCore.RequestLoggingMiddleware", "RequestId": "0HNJQ1PHSOUAB:00000011", "ConnectionId": "0HNJQ1PHSOUAB", "Application": "PoMiniApps", "Environment": "Production"}
2026-03-04T17:00:33.0568708Z [17:00:32 INF] HTTP GET /_framework/System.Runtime.u5habqhcpu.wasm responded 200 in 789.2050 ms {"SourceContext": "Serilog.AspNetCore.RequestLoggingMiddleware", "RequestId": "0HNJQ1PHSOUAC:00000011", "ConnectionId": "0HNJQ1PHSOUAC", "Application": "PoMiniApps", "Environment": "Production"}
2026-03-04T17:00:33.4586119Z [17:00:33 INF] HTTP GET /_framework/System.Threading.cyyasael7h.wasm responded 200 in 425.3845 ms {"SourceContext": "Serilog.AspNetCore.RequestLoggingMiddleware", "RequestId": "0HNJQ1PHSOUAC:00000012", "ConnectionId": "0HNJQ1PHSOUAC", "Application": "PoMiniApps", "Environment": "Production"}
2026-03-04T17:00:34.0766996Z [17:00:34 INF] HTTP GET /_framework/System.Text.Encodings.Web.58er5y1em3.wasm responded 200 in 1092.2322 ms {"SourceContext": "Serilog.AspNetCore.RequestLoggingMiddleware", "RequestId": "0HNJQ1PHSOUAB:00000012", "ConnectionId": "0HNJQ1PHSOUAB", "Application": "PoMiniApps", "Environment": "Production"}
2026-03-04T17:00:34.2073289Z [17:00:34 INF] HTTP GET /_framework/System.Text.Json.f13avw7osb.wasm responded 200 in 1465.8236 ms {"SourceContext": "Serilog.AspNetCore.RequestLoggingMiddleware", "RequestId": "0HNJQ1PHSOUA9:00000012", "ConnectionId": "0HNJQ1PHSOUA9", "Application": "PoMiniApps", "Environment": "Production"}
2026-03-04T17:00:36.1236631Z [17:00:34 INF] HTTP GET /_framework/System.Threading.Channels.3en8w57ux1.wasm responded 200 in 520.0573 ms {"SourceContext": "Serilog.AspNetCore.RequestLoggingMiddleware", "RequestId": "0HNJQ1PHSOUAE:0000000D", "ConnectionId": "0HNJQ1PHSOUAE", "Application": "PoMiniApps", "Environment": "Production"}
2026-03-04T17:00:36.1237071Z [17:00:34 INF] HTTP GET /_framework/System.Runtime.Numerics.vbbes6gkws.wasm responded 200 in 2373.7427 ms {"SourceContext": "Serilog.AspNetCore.RequestLoggingMiddleware", "RequestId": "0HNJQ1PHSOUAD:0000000D", "ConnectionId": "0HNJQ1PHSOUAD", "Application": "PoMiniApps", "Environment": "Production"}
2026-03-04T17:00:36.1797322Z [17:00:36 INF] HTTP GET /_framework/System.Threading.Thread.yr31wp0wmo.wasm responded 200 in 50.6503 ms {"SourceContext": "Serilog.AspNetCore.RequestLoggingMiddleware", "RequestId": "0HNJQ1PHSOUAB:00000013", "ConnectionId": "0HNJQ1PHSOUAB", "Application": "PoMiniApps", "Environment": "Production"}
2026-03-04T17:00:36.2287506Z [17:00:35 INF] HTTP GET /_framework/System.Text.RegularExpressions.xsb5hnh9k1.wasm responded 200 in 346.9716 ms {"SourceContext": "Serilog.AspNetCore.RequestLoggingMiddleware", "RequestId": "0HNJQ1PHSOUAA:00000013", "ConnectionId": "0HNJQ1PHSOUAA", "Application": "PoMiniApps", "Environment": "Production"}
2026-03-04T17:00:36.2490655Z [17:00:36 INF] HTTP GET /_framework/System.Web.HttpUtility.qarozkw8cv.wasm responded 200 in 1592.7499 ms {"SourceContext": "Serilog.AspNetCore.RequestLoggingMiddleware", "RequestId": "0HNJQ1PHSOUAC:00000013", "ConnectionId": "0HNJQ1PHSOUAC", "Application": "PoMiniApps", "Environment": "Production"}
2026-03-04T17:00:36.3992570Z [17:00:36 INF] HTTP GET /_framework/System.Xml.ReaderWriter.rd69ge8ek4.wasm responded 200 in 100.6610 ms {"SourceContext": "Serilog.AspNetCore.RequestLoggingMiddleware", "RequestId": "0HNJQ1PHSOUAD:0000000E", "ConnectionId": "0HNJQ1PHSOUAD", "Application": "PoMiniApps", "Environment": "Production"}
2026-03-04T17:00:36.5109017Z [17:00:36 INF] HTTP GET /_framework/System.Xml.XDocument.li3v7esai2.wasm responded 200 in 137.8535 ms {"SourceContext": "Serilog.AspNetCore.RequestLoggingMiddleware", "RequestId": "0HNJQ1PHSOUAE:0000000E", "ConnectionId": "0HNJQ1PHSOUAE", "Application": "PoMiniApps", "Environment": "Production"}
2026-03-04T17:00:36.8494276Z [17:00:36 INF] HTTP GET /favicon.ico responded 404 in 146.3661 ms {"SourceContext": "Serilog.AspNetCore.RequestLoggingMiddleware", "RequestId": "0HNJQ1PHSOUAC:00000014", "ConnectionId": "0HNJQ1PHSOUAC", "Application": "PoMiniApps", "Environment": "Production"}
2026-03-04T17:00:37.0401878Z [17:00:37 INF] HTTP GET /_framework/System.Xml.Linq.ysq4rzz6yg.wasm responded 200 in 153.2525 ms {"SourceContext": "Serilog.AspNetCore.RequestLoggingMiddleware", "RequestId": "0HNJQ1PHSOUA9:00000013", "ConnectionId": "0HNJQ1PHSOUA9", "Application": "PoMiniApps", "Environment": "Production"}
2026-03-04T17:00:38.9616148Z [17:00:38 INF] HTTP GET /_framework/icudt_EFIGS.tptq2av103.dat responded 200 in 2461.6975 ms {"SourceContext": "Serilog.AspNetCore.RequestLoggingMiddleware", "RequestId": "0HNJQ1PHSOUAD:0000000F", "ConnectionId": "0HNJQ1PHSOUAD", "Application": "PoMiniApps", "Environment": "Production"}
2026-03-04T17:00:39.1896997Z [17:00:39 INF] HTTP GET /_framework/System.deed694j9w.wasm responded 200 in 2800.7543 ms {"SourceContext": "Serilog.AspNetCore.RequestLoggingMiddleware", "RequestId": "0HNJQ1PHSOUAA:00000014", "ConnectionId": "0HNJQ1PHSOUAA", "Application": "PoMiniApps", "Environment": "Production"}
2026-03-04T17:00:41.3561093Z [17:00:41 INF] HTTP GET /_framework/resource-collection.4VdUe.js responded 200 in 1693.5099 ms {"SourceContext": "Serilog.AspNetCore.RequestLoggingMiddleware", "RequestId": "0HNJQ1PHSOUAA:00000015", "ConnectionId": "0HNJQ1PHSOUAA", "Application": "PoMiniApps", "Environment": "Production"}
2026-03-04T17:08:06.9397438Z    _____                               
2026-03-04T17:08:06.9401911Z   /  _  \ __________ _________   ____  
2026-03-04T17:08:06.9401974Z  /  /_\  \\___   /  |  \_  __ \_/ __ \ 
2026-03-04T17:08:06.9402007Z /    |    \/    /|  |  /|  | \/\  ___/ 
2026-03-04T17:08:06.9402034Z \____|__  /_____ \____/ |__|    \___  >
2026-03-04T17:08:06.9402060Z         \/      \/                  \/ 
2026-03-04T17:08:06.9402086Z A P P   S E R V I C E   O N   L I N U X
2026-03-04T17:08:06.9402111Z 
2026-03-04T17:08:06.9402140Z Documentation       : http://aka.ms/webapp-linux
2026-03-04T17:08:06.9402170Z Dotnet quickstart   : https://aka.ms/dotnet-qs
2026-03-04T17:08:06.9402196Z ASP .NETCore Version: 10.0.2
2026-03-04T17:08:06.9402288Z Instance Name       : lw1sdlwk000AKC
2026-03-04T17:08:06.9402327Z Instance Id         : 14081d20018b15b1623fc720b48f16fa62465e5170c988d77c1ce70393fc7d40
2026-03-04T17:08:06.9402351Z 
2026-03-04T17:08:06.9402379Z Note: Any data outside '/home' is not persisted
